{"/home/runner/work/OpenSML/OpenSML/lib/SmlBuffer.js":{"path":"/home/runner/work/OpenSML/OpenSML/lib/SmlBuffer.js","statementMap":{"0":{"start":{"line":7,"column":16},"end":{"line":7,"column":38}},"1":{"start":{"line":11,"column":1},"end":{"line":15,"column":2}},"2":{"start":{"line":12,"column":2},"end":{"line":12,"column":56}},"3":{"start":{"line":14,"column":2},"end":{"line":14,"column":20}},"4":{"start":{"line":16,"column":1},"end":{"line":16,"column":15}},"5":{"start":{"line":17,"column":4},"end":{"line":17,"column":32}},"6":{"start":{"line":20,"column":0},"end":{"line":22,"column":2}},"7":{"start":{"line":21,"column":1},"end":{"line":21,"column":20}},"8":{"start":{"line":24,"column":0},"end":{"line":26,"column":2}},"9":{"start":{"line":25,"column":1},"end":{"line":25,"column":20}},"10":{"start":{"line":28,"column":0},"end":{"line":30,"column":2}},"11":{"start":{"line":29,"column":1},"end":{"line":29,"column":21}},"12":{"start":{"line":32,"column":0},"end":{"line":34,"column":2}},"13":{"start":{"line":33,"column":1},"end":{"line":33,"column":27}},"14":{"start":{"line":36,"column":0},"end":{"line":39,"column":2}},"15":{"start":{"line":37,"column":1},"end":{"line":37,"column":55}},"16":{"start":{"line":37,"column":36},"end":{"line":37,"column":55}},"17":{"start":{"line":38,"column":1},"end":{"line":38,"column":36}},"18":{"start":{"line":41,"column":0},"end":{"line":44,"column":2}},"19":{"start":{"line":42,"column":4},"end":{"line":42,"column":36}},"20":{"start":{"line":42,"column":22},"end":{"line":42,"column":36}},"21":{"start":{"line":43,"column":4},"end":{"line":43,"column":60}},"22":{"start":{"line":49,"column":0},"end":{"line":77,"column":2}},"23":{"start":{"line":65,"column":4},"end":{"line":65,"column":41}},"24":{"start":{"line":67,"column":4},"end":{"line":76,"column":5}},"25":{"start":{"line":68,"column":8},"end":{"line":68,"column":45}},"26":{"start":{"line":69,"column":8},"end":{"line":69,"column":34}},"27":{"start":{"line":72,"column":8},"end":{"line":75,"column":6}},"28":{"start":{"line":72,"column":18},"end":{"line":72,"column":19}},"29":{"start":{"line":73,"column":6},"end":{"line":73,"column":63}},"30":{"start":{"line":74,"column":6},"end":{"line":74,"column":20}},"31":{"start":{"line":79,"column":0},"end":{"line":98,"column":2}},"32":{"start":{"line":80,"column":15},"end":{"line":80,"column":33}},"33":{"start":{"line":82,"column":12},"end":{"line":82,"column":24}},"34":{"start":{"line":83,"column":14},"end":{"line":83,"column":28}},"35":{"start":{"line":86,"column":1},"end":{"line":97,"column":2}},"36":{"start":{"line":87,"column":2},"end":{"line":87,"column":19}},"37":{"start":{"line":89,"column":2},"end":{"line":96,"column":3}},"38":{"start":{"line":90,"column":3},"end":{"line":90,"column":142}},"39":{"start":{"line":92,"column":12},"end":{"line":92,"column":40}},"40":{"start":{"line":93,"column":25},"end":{"line":93,"column":85}},"41":{"start":{"line":94,"column":3},"end":{"line":94,"column":33}},"42":{"start":{"line":95,"column":3},"end":{"line":95,"column":17}},"43":{"start":{"line":102,"column":0},"end":{"line":107,"column":2}},"44":{"start":{"line":103,"column":14},"end":{"line":103,"column":48}},"45":{"start":{"line":104,"column":1},"end":{"line":104,"column":15}},"46":{"start":{"line":105,"column":4},"end":{"line":105,"column":45}},"47":{"start":{"line":106,"column":1},"end":{"line":106,"column":15}},"48":{"start":{"line":109,"column":0},"end":{"line":114,"column":2}},"49":{"start":{"line":110,"column":14},"end":{"line":110,"column":47}},"50":{"start":{"line":111,"column":1},"end":{"line":111,"column":15}},"51":{"start":{"line":112,"column":4},"end":{"line":112,"column":44}},"52":{"start":{"line":113,"column":1},"end":{"line":113,"column":15}},"53":{"start":{"line":116,"column":0},"end":{"line":121,"column":2}},"54":{"start":{"line":117,"column":14},"end":{"line":117,"column":51}},"55":{"start":{"line":118,"column":1},"end":{"line":118,"column":16}},"56":{"start":{"line":119,"column":4},"end":{"line":119,"column":46}},"57":{"start":{"line":120,"column":1},"end":{"line":120,"column":15}},"58":{"start":{"line":123,"column":0},"end":{"line":128,"column":2}},"59":{"start":{"line":124,"column":14},"end":{"line":124,"column":50}},"60":{"start":{"line":125,"column":1},"end":{"line":125,"column":16}},"61":{"start":{"line":126,"column":4},"end":{"line":126,"column":45}},"62":{"start":{"line":127,"column":1},"end":{"line":127,"column":15}},"63":{"start":{"line":130,"column":0},"end":{"line":135,"column":2}},"64":{"start":{"line":131,"column":14},"end":{"line":131,"column":51}},"65":{"start":{"line":132,"column":1},"end":{"line":132,"column":16}},"66":{"start":{"line":133,"column":4},"end":{"line":133,"column":46}},"67":{"start":{"line":134,"column":1},"end":{"line":134,"column":15}},"68":{"start":{"line":137,"column":0},"end":{"line":142,"column":2}},"69":{"start":{"line":138,"column":14},"end":{"line":138,"column":50}},"70":{"start":{"line":139,"column":1},"end":{"line":139,"column":16}},"71":{"start":{"line":140,"column":4},"end":{"line":140,"column":45}},"72":{"start":{"line":141,"column":1},"end":{"line":141,"column":15}},"73":{"start":{"line":144,"column":0},"end":{"line":160,"column":2}},"74":{"start":{"line":150,"column":16},"end":{"line":150,"column":39}},"75":{"start":{"line":151,"column":16},"end":{"line":151,"column":60}},"76":{"start":{"line":152,"column":4},"end":{"line":152,"column":19}},"77":{"start":{"line":153,"column":4},"end":{"line":153,"column":46}},"78":{"start":{"line":154,"column":4},"end":{"line":159,"column":5}},"79":{"start":{"line":155,"column":8},"end":{"line":155,"column":32}},"80":{"start":{"line":158,"column":8},"end":{"line":158,"column":34}},"81":{"start":{"line":162,"column":0},"end":{"line":173,"column":2}},"82":{"start":{"line":163,"column":13},"end":{"line":163,"column":36}},"83":{"start":{"line":164,"column":13},"end":{"line":164,"column":56}},"84":{"start":{"line":165,"column":1},"end":{"line":165,"column":16}},"85":{"start":{"line":166,"column":4},"end":{"line":166,"column":45}},"86":{"start":{"line":167,"column":4},"end":{"line":172,"column":5}},"87":{"start":{"line":168,"column":8},"end":{"line":168,"column":32}},"88":{"start":{"line":171,"column":8},"end":{"line":171,"column":34}},"89":{"start":{"line":178,"column":0},"end":{"line":181,"column":2}},"90":{"start":{"line":179,"column":1},"end":{"line":179,"column":43}},"91":{"start":{"line":180,"column":1},"end":{"line":180,"column":16}},"92":{"start":{"line":183,"column":0},"end":{"line":186,"column":2}},"93":{"start":{"line":184,"column":1},"end":{"line":184,"column":44}},"94":{"start":{"line":185,"column":1},"end":{"line":185,"column":16}},"95":{"start":{"line":188,"column":0},"end":{"line":191,"column":2}},"96":{"start":{"line":189,"column":1},"end":{"line":189,"column":46}},"97":{"start":{"line":190,"column":1},"end":{"line":190,"column":16}},"98":{"start":{"line":193,"column":0},"end":{"line":196,"column":2}},"99":{"start":{"line":194,"column":1},"end":{"line":194,"column":47}},"100":{"start":{"line":195,"column":1},"end":{"line":195,"column":16}},"101":{"start":{"line":198,"column":0},"end":{"line":201,"column":2}},"102":{"start":{"line":199,"column":1},"end":{"line":199,"column":46}},"103":{"start":{"line":200,"column":1},"end":{"line":200,"column":16}},"104":{"start":{"line":203,"column":0},"end":{"line":206,"column":2}},"105":{"start":{"line":204,"column":1},"end":{"line":204,"column":47}},"106":{"start":{"line":205,"column":1},"end":{"line":205,"column":16}},"107":{"start":{"line":208,"column":0},"end":{"line":215,"column":2}},"108":{"start":{"line":210,"column":16},"end":{"line":210,"column":39}},"109":{"start":{"line":211,"column":4},"end":{"line":212,"column":44}},"110":{"start":{"line":211,"column":34},"end":{"line":211,"column":70}},"111":{"start":{"line":212,"column":11},"end":{"line":212,"column":44}},"112":{"start":{"line":213,"column":4},"end":{"line":213,"column":51}},"113":{"start":{"line":214,"column":1},"end":{"line":214,"column":16}},"114":{"start":{"line":217,"column":0},"end":{"line":225,"column":2}},"115":{"start":{"line":219,"column":16},"end":{"line":219,"column":39}},"116":{"start":{"line":221,"column":4},"end":{"line":222,"column":45}},"117":{"start":{"line":221,"column":34},"end":{"line":221,"column":71}},"118":{"start":{"line":222,"column":11},"end":{"line":222,"column":45}},"119":{"start":{"line":223,"column":4},"end":{"line":223,"column":51}},"120":{"start":{"line":224,"column":1},"end":{"line":224,"column":16}},"121":{"start":{"line":229,"column":0},"end":{"line":250,"column":2}},"122":{"start":{"line":230,"column":14},"end":{"line":230,"column":15}},"123":{"start":{"line":231,"column":15},"end":{"line":231,"column":16}},"124":{"start":{"line":233,"column":19},"end":{"line":233,"column":24}},"125":{"start":{"line":234,"column":4},"end":{"line":246,"column":20}},"126":{"start":{"line":235,"column":22},"end":{"line":235,"column":56}},"127":{"start":{"line":236,"column":2},"end":{"line":236,"column":16}},"128":{"start":{"line":238,"column":8},"end":{"line":238,"column":55}},"129":{"start":{"line":239,"column":8},"end":{"line":241,"column":3}},"130":{"start":{"line":240,"column":3},"end":{"line":240,"column":34}},"131":{"start":{"line":242,"column":2},"end":{"line":242,"column":44}},"132":{"start":{"line":243,"column":8},"end":{"line":245,"column":9}},"133":{"start":{"line":244,"column":12},"end":{"line":244,"column":22}},"134":{"start":{"line":248,"column":4},"end":{"line":248,"column":20}},"135":{"start":{"line":249,"column":1},"end":{"line":249,"column":37}},"136":{"start":{"line":253,"column":0},"end":{"line":289,"column":2}},"137":{"start":{"line":254,"column":4},"end":{"line":288,"column":5}},"138":{"start":{"line":256,"column":8},"end":{"line":258,"column":9}},"139":{"start":{"line":257,"column":12},"end":{"line":257,"column":90}},"140":{"start":{"line":259,"column":8},"end":{"line":259,"column":51}},"141":{"start":{"line":260,"column":5},"end":{"line":260,"column":19}},"142":{"start":{"line":263,"column":8},"end":{"line":265,"column":9}},"143":{"start":{"line":264,"column":12},"end":{"line":264,"column":74}},"144":{"start":{"line":267,"column":20},"end":{"line":267,"column":63}},"145":{"start":{"line":268,"column":2},"end":{"line":270,"column":9}},"146":{"start":{"line":269,"column":6},"end":{"line":269,"column":22}},"147":{"start":{"line":272,"column":19},"end":{"line":272,"column":21}},"148":{"start":{"line":273,"column":8},"end":{"line":276,"column":29}},"149":{"start":{"line":274,"column":12},"end":{"line":274,"column":59}},"150":{"start":{"line":275,"column":12},"end":{"line":275,"column":33}},"151":{"start":{"line":278,"column":24},"end":{"line":278,"column":34}},"152":{"start":{"line":279,"column":8},"end":{"line":287,"column":9}},"153":{"start":{"line":280,"column":32},"end":{"line":280,"column":48}},"154":{"start":{"line":281,"column":29},"end":{"line":281,"column":30}},"155":{"start":{"line":282,"column":12},"end":{"line":282,"column":53}},"156":{"start":{"line":282,"column":35},"end":{"line":282,"column":53}},"157":{"start":{"line":283,"column":12},"end":{"line":283,"column":64}},"158":{"start":{"line":284,"column":12},"end":{"line":284,"column":60}},"159":{"start":{"line":285,"column":9},"end":{"line":285,"column":23}},"160":{"start":{"line":286,"column":12},"end":{"line":286,"column":26}},"161":{"start":{"line":292,"column":0},"end":{"line":326,"column":2}},"162":{"start":{"line":293,"column":15},"end":{"line":293,"column":33}},"163":{"start":{"line":294,"column":12},"end":{"line":294,"column":24}},"164":{"start":{"line":295,"column":14},"end":{"line":295,"column":28}},"165":{"start":{"line":298,"column":1},"end":{"line":325,"column":2}},"166":{"start":{"line":299,"column":8},"end":{"line":299,"column":52}},"167":{"start":{"line":300,"column":8},"end":{"line":300,"column":25}},"168":{"start":{"line":302,"column":2},"end":{"line":324,"column":3}},"169":{"start":{"line":303,"column":3},"end":{"line":303,"column":79}},"170":{"start":{"line":305,"column":3},"end":{"line":323,"column":4}},"171":{"start":{"line":306,"column":16},"end":{"line":306,"column":57}},"172":{"start":{"line":307,"column":4},"end":{"line":307,"column":28}},"173":{"start":{"line":308,"column":10},"end":{"line":323,"column":4}},"174":{"start":{"line":309,"column":16},"end":{"line":309,"column":58}},"175":{"start":{"line":310,"column":4},"end":{"line":310,"column":29}},"176":{"start":{"line":311,"column":10},"end":{"line":323,"column":4}},"177":{"start":{"line":313,"column":16},"end":{"line":313,"column":58}},"178":{"start":{"line":314,"column":29},"end":{"line":314,"column":66}},"179":{"start":{"line":315,"column":16},"end":{"line":315,"column":31}},"180":{"start":{"line":316,"column":16},"end":{"line":316,"column":30}},"181":{"start":{"line":317,"column":10},"end":{"line":323,"column":4}},"182":{"start":{"line":318,"column":16},"end":{"line":318,"column":58}},"183":{"start":{"line":319,"column":4},"end":{"line":319,"column":29}},"184":{"start":{"line":320,"column":10},"end":{"line":323,"column":4}},"185":{"start":{"line":321,"column":16},"end":{"line":321,"column":58}},"186":{"start":{"line":322,"column":4},"end":{"line":322,"column":29}},"187":{"start":{"line":328,"column":0},"end":{"line":344,"column":2}},"188":{"start":{"line":329,"column":1},"end":{"line":343,"column":5}},"189":{"start":{"line":330,"column":2},"end":{"line":330,"column":37}},"190":{"start":{"line":331,"column":2},"end":{"line":331,"column":25}},"191":{"start":{"line":332,"column":8},"end":{"line":343,"column":5}},"192":{"start":{"line":333,"column":2},"end":{"line":333,"column":38}},"193":{"start":{"line":334,"column":2},"end":{"line":334,"column":26}},"194":{"start":{"line":335,"column":8},"end":{"line":343,"column":5}},"195":{"start":{"line":336,"column":2},"end":{"line":336,"column":38}},"196":{"start":{"line":337,"column":2},"end":{"line":337,"column":26}},"197":{"start":{"line":338,"column":8},"end":{"line":343,"column":5}},"198":{"start":{"line":339,"column":2},"end":{"line":339,"column":38}},"199":{"start":{"line":340,"column":2},"end":{"line":340,"column":26}},"200":{"start":{"line":341,"column":8},"end":{"line":343,"column":5}},"201":{"start":{"line":342,"column":8},"end":{"line":342,"column":30}},"202":{"start":{"line":346,"column":0},"end":{"line":382,"column":2}},"203":{"start":{"line":347,"column":15},"end":{"line":347,"column":33}},"204":{"start":{"line":348,"column":12},"end":{"line":348,"column":24}},"205":{"start":{"line":349,"column":14},"end":{"line":349,"column":28}},"206":{"start":{"line":351,"column":1},"end":{"line":381,"column":2}},"207":{"start":{"line":352,"column":2},"end":{"line":352,"column":19}},"208":{"start":{"line":354,"column":2},"end":{"line":380,"column":3}},"209":{"start":{"line":355,"column":3},"end":{"line":355,"column":50}},"210":{"start":{"line":357,"column":3},"end":{"line":379,"column":4}},"211":{"start":{"line":358,"column":16},"end":{"line":358,"column":56}},"212":{"start":{"line":359,"column":4},"end":{"line":359,"column":27}},"213":{"start":{"line":360,"column":10},"end":{"line":379,"column":4}},"214":{"start":{"line":361,"column":16},"end":{"line":361,"column":57}},"215":{"start":{"line":362,"column":4},"end":{"line":362,"column":28}},"216":{"start":{"line":363,"column":19},"end":{"line":379,"column":4}},"217":{"start":{"line":364,"column":16},"end":{"line":364,"column":57}},"218":{"start":{"line":365,"column":29},"end":{"line":365,"column":65}},"219":{"start":{"line":366,"column":16},"end":{"line":366,"column":31}},"220":{"start":{"line":367,"column":16},"end":{"line":367,"column":30}},"221":{"start":{"line":368,"column":10},"end":{"line":379,"column":4}},"222":{"start":{"line":369,"column":16},"end":{"line":369,"column":57}},"223":{"start":{"line":370,"column":4},"end":{"line":370,"column":28}},"224":{"start":{"line":371,"column":19},"end":{"line":379,"column":4}},"225":{"start":{"line":372,"column":16},"end":{"line":372,"column":57}},"226":{"start":{"line":373,"column":17},"end":{"line":373,"column":53}},"227":{"start":{"line":374,"column":16},"end":{"line":374,"column":31}},"228":{"start":{"line":375,"column":16},"end":{"line":375,"column":30}},"229":{"start":{"line":376,"column":10},"end":{"line":379,"column":4}},"230":{"start":{"line":377,"column":16},"end":{"line":377,"column":57}},"231":{"start":{"line":378,"column":4},"end":{"line":378,"column":28}},"232":{"start":{"line":384,"column":0},"end":{"line":400,"column":2}},"233":{"start":{"line":385,"column":1},"end":{"line":399,"column":5}},"234":{"start":{"line":386,"column":2},"end":{"line":386,"column":36}},"235":{"start":{"line":387,"column":2},"end":{"line":387,"column":24}},"236":{"start":{"line":388,"column":8},"end":{"line":399,"column":5}},"237":{"start":{"line":389,"column":2},"end":{"line":389,"column":37}},"238":{"start":{"line":390,"column":2},"end":{"line":390,"column":25}},"239":{"start":{"line":391,"column":8},"end":{"line":399,"column":5}},"240":{"start":{"line":392,"column":2},"end":{"line":392,"column":37}},"241":{"start":{"line":393,"column":2},"end":{"line":393,"column":25}},"242":{"start":{"line":394,"column":8},"end":{"line":399,"column":5}},"243":{"start":{"line":395,"column":2},"end":{"line":395,"column":37}},"244":{"start":{"line":396,"column":2},"end":{"line":396,"column":25}},"245":{"start":{"line":397,"column":8},"end":{"line":399,"column":5}},"246":{"start":{"line":398,"column":8},"end":{"line":398,"column":30}},"247":{"start":{"line":402,"column":0},"end":{"line":415,"column":2}},"248":{"start":{"line":404,"column":1},"end":{"line":414,"column":2}},"249":{"start":{"line":405,"column":2},"end":{"line":405,"column":32}},"250":{"start":{"line":406,"column":8},"end":{"line":414,"column":2}},"251":{"start":{"line":407,"column":2},"end":{"line":407,"column":31}},"252":{"start":{"line":408,"column":8},"end":{"line":414,"column":2}},"253":{"start":{"line":409,"column":2},"end":{"line":409,"column":28}},"254":{"start":{"line":410,"column":8},"end":{"line":414,"column":2}},"255":{"start":{"line":411,"column":2},"end":{"line":411,"column":29}},"256":{"start":{"line":413,"column":2},"end":{"line":413,"column":104}},"257":{"start":{"line":417,"column":0},"end":{"line":441,"column":2}},"258":{"start":{"line":418,"column":1},"end":{"line":440,"column":5}},"259":{"start":{"line":419,"column":2},"end":{"line":419,"column":30}},"260":{"start":{"line":420,"column":8},"end":{"line":440,"column":5}},"261":{"start":{"line":421,"column":2},"end":{"line":421,"column":31}},"262":{"start":{"line":422,"column":8},"end":{"line":440,"column":5}},"263":{"start":{"line":423,"column":2},"end":{"line":423,"column":39}},"264":{"start":{"line":424,"column":8},"end":{"line":440,"column":5}},"265":{"start":{"line":425,"column":2},"end":{"line":425,"column":39}},"266":{"start":{"line":426,"column":8},"end":{"line":440,"column":5}},"267":{"start":{"line":427,"column":2},"end":{"line":427,"column":39}},"268":{"start":{"line":428,"column":8},"end":{"line":440,"column":5}},"269":{"start":{"line":429,"column":2},"end":{"line":429,"column":39}},"270":{"start":{"line":430,"column":8},"end":{"line":440,"column":5}},"271":{"start":{"line":431,"column":2},"end":{"line":431,"column":38}},"272":{"start":{"line":432,"column":8},"end":{"line":440,"column":5}},"273":{"start":{"line":433,"column":2},"end":{"line":433,"column":38}},"274":{"start":{"line":434,"column":8},"end":{"line":440,"column":5}},"275":{"start":{"line":435,"column":2},"end":{"line":435,"column":38}},"276":{"start":{"line":436,"column":8},"end":{"line":440,"column":5}},"277":{"start":{"line":437,"column":2},"end":{"line":437,"column":38}},"278":{"start":{"line":438,"column":8},"end":{"line":440,"column":5}},"279":{"start":{"line":439,"column":8},"end":{"line":439,"column":30}},"280":{"start":{"line":443,"column":0},"end":{"line":464,"column":2}},"281":{"start":{"line":444,"column":15},"end":{"line":444,"column":33}},"282":{"start":{"line":445,"column":12},"end":{"line":445,"column":24}},"283":{"start":{"line":446,"column":14},"end":{"line":446,"column":28}},"284":{"start":{"line":448,"column":1},"end":{"line":463,"column":2}},"285":{"start":{"line":450,"column":2},"end":{"line":450,"column":19}},"286":{"start":{"line":452,"column":2},"end":{"line":462,"column":3}},"287":{"start":{"line":453,"column":3},"end":{"line":453,"column":50}},"288":{"start":{"line":455,"column":3},"end":{"line":461,"column":4}},"289":{"start":{"line":456,"column":16},"end":{"line":456,"column":59}},"290":{"start":{"line":457,"column":4},"end":{"line":457,"column":17}},"291":{"start":{"line":459,"column":16},"end":{"line":459,"column":59}},"292":{"start":{"line":460,"column":4},"end":{"line":460,"column":16}},"293":{"start":{"line":466,"column":0},"end":{"line":479,"column":2}},"294":{"start":{"line":468,"column":1},"end":{"line":478,"column":2}},"295":{"start":{"line":470,"column":2},"end":{"line":470,"column":38}},"296":{"start":{"line":472,"column":2},"end":{"line":472,"column":26}},"297":{"start":{"line":473,"column":2},"end":{"line":477,"column":3}},"298":{"start":{"line":474,"column":3},"end":{"line":474,"column":25}},"299":{"start":{"line":476,"column":3},"end":{"line":476,"column":25}},"300":{"start":{"line":481,"column":0},"end":{"line":508,"column":2}},"301":{"start":{"line":482,"column":15},"end":{"line":482,"column":33}},"302":{"start":{"line":484,"column":12},"end":{"line":484,"column":24}},"303":{"start":{"line":485,"column":14},"end":{"line":485,"column":28}},"304":{"start":{"line":487,"column":1},"end":{"line":507,"column":2}},"305":{"start":{"line":489,"column":2},"end":{"line":489,"column":19}},"306":{"start":{"line":490,"column":8},"end":{"line":507,"column":2}},"307":{"start":{"line":500,"column":2},"end":{"line":500,"column":34}},"308":{"start":{"line":502,"column":2},"end":{"line":502,"column":14}},"309":{"start":{"line":503,"column":8},"end":{"line":507,"column":2}},"310":{"start":{"line":504,"column":2},"end":{"line":504,"column":98}},"311":{"start":{"line":506,"column":2},"end":{"line":506,"column":29}},"312":{"start":{"line":510,"column":0},"end":{"line":517,"column":2}},"313":{"start":{"line":511,"column":1},"end":{"line":511,"column":25}},"314":{"start":{"line":512,"column":1},"end":{"line":516,"column":2}},"315":{"start":{"line":513,"column":2},"end":{"line":513,"column":37}},"316":{"start":{"line":515,"column":2},"end":{"line":515,"column":45}},"317":{"start":{"line":519,"column":0},"end":{"line":519,"column":27}}},"fnMap":{"0":{"name":"SmlBuffer","decl":{"start":{"line":9,"column":9},"end":{"line":9,"column":18}},"loc":{"start":{"line":9,"column":25},"end":{"line":18,"column":1}},"line":9},"1":{"name":"getBuffer","decl":{"start":{"line":20,"column":41},"end":{"line":20,"column":50}},"loc":{"start":{"line":20,"column":52},"end":{"line":22,"column":1}},"line":20},"2":{"name":"getOffset","decl":{"start":{"line":24,"column":41},"end":{"line":24,"column":50}},"loc":{"start":{"line":24,"column":52},"end":{"line":26,"column":1}},"line":24},"3":{"name":"setOffset","decl":{"start":{"line":28,"column":41},"end":{"line":28,"column":50}},"loc":{"start":{"line":28,"column":57},"end":{"line":30,"column":1}},"line":28},"4":{"name":"getLength","decl":{"start":{"line":32,"column":41},"end":{"line":32,"column":50}},"loc":{"start":{"line":32,"column":52},"end":{"line":34,"column":1}},"line":32},"5":{"name":"toString","decl":{"start":{"line":36,"column":40},"end":{"line":36,"column":48}},"loc":{"start":{"line":36,"column":50},"end":{"line":39,"column":1}},"line":36},"6":{"name":"finalize","decl":{"start":{"line":41,"column":40},"end":{"line":41,"column":48}},"loc":{"start":{"line":41,"column":61},"end":{"line":44,"column":1}},"line":41},"7":{"name":"writeOctetString","decl":{"start":{"line":49,"column":48},"end":{"line":49,"column":64}},"loc":{"start":{"line":49,"column":71},"end":{"line":77,"column":1}},"line":49},"8":{"name":"readOctetString","decl":{"start":{"line":79,"column":47},"end":{"line":79,"column":62}},"loc":{"start":{"line":79,"column":64},"end":{"line":98,"column":1}},"line":79},"9":{"name":"readUInt8","decl":{"start":{"line":102,"column":41},"end":{"line":102,"column":50}},"loc":{"start":{"line":102,"column":52},"end":{"line":107,"column":1}},"line":102},"10":{"name":"readInt8","decl":{"start":{"line":109,"column":40},"end":{"line":109,"column":48}},"loc":{"start":{"line":109,"column":50},"end":{"line":114,"column":1}},"line":109},"11":{"name":"readUInt16","decl":{"start":{"line":116,"column":42},"end":{"line":116,"column":52}},"loc":{"start":{"line":116,"column":54},"end":{"line":121,"column":1}},"line":116},"12":{"name":"readInt16","decl":{"start":{"line":123,"column":41},"end":{"line":123,"column":50}},"loc":{"start":{"line":123,"column":52},"end":{"line":128,"column":1}},"line":123},"13":{"name":"readUInt32","decl":{"start":{"line":130,"column":42},"end":{"line":130,"column":52}},"loc":{"start":{"line":130,"column":54},"end":{"line":135,"column":1}},"line":130},"14":{"name":"readInt32","decl":{"start":{"line":137,"column":41},"end":{"line":137,"column":50}},"loc":{"start":{"line":137,"column":52},"end":{"line":142,"column":1}},"line":137},"15":{"name":"readUInt64","decl":{"start":{"line":144,"column":42},"end":{"line":144,"column":52}},"loc":{"start":{"line":144,"column":54},"end":{"line":160,"column":1}},"line":144},"16":{"name":"readInt64","decl":{"start":{"line":162,"column":41},"end":{"line":162,"column":50}},"loc":{"start":{"line":162,"column":52},"end":{"line":173,"column":1}},"line":162},"17":{"name":"writeInt8","decl":{"start":{"line":178,"column":41},"end":{"line":178,"column":50}},"loc":{"start":{"line":178,"column":57},"end":{"line":181,"column":1}},"line":178},"18":{"name":"writeUInt8","decl":{"start":{"line":183,"column":42},"end":{"line":183,"column":52}},"loc":{"start":{"line":183,"column":59},"end":{"line":186,"column":1}},"line":183},"19":{"name":"writeInt16","decl":{"start":{"line":188,"column":42},"end":{"line":188,"column":52}},"loc":{"start":{"line":188,"column":59},"end":{"line":191,"column":1}},"line":188},"20":{"name":"writeUInt16","decl":{"start":{"line":193,"column":43},"end":{"line":193,"column":54}},"loc":{"start":{"line":193,"column":61},"end":{"line":196,"column":1}},"line":193},"21":{"name":"writeInt32","decl":{"start":{"line":198,"column":42},"end":{"line":198,"column":52}},"loc":{"start":{"line":198,"column":59},"end":{"line":201,"column":1}},"line":198},"22":{"name":"writeUInt32","decl":{"start":{"line":203,"column":43},"end":{"line":203,"column":54}},"loc":{"start":{"line":203,"column":61},"end":{"line":206,"column":1}},"line":203},"23":{"name":"writeInt64","decl":{"start":{"line":208,"column":42},"end":{"line":208,"column":52}},"loc":{"start":{"line":208,"column":59},"end":{"line":215,"column":1}},"line":208},"24":{"name":"writeUInt64","decl":{"start":{"line":217,"column":43},"end":{"line":217,"column":54}},"loc":{"start":{"line":217,"column":61},"end":{"line":225,"column":1}},"line":217},"25":{"name":"readTLField","decl":{"start":{"line":229,"column":43},"end":{"line":229,"column":54}},"loc":{"start":{"line":229,"column":56},"end":{"line":250,"column":1}},"line":229},"26":{"name":"writeTLField","decl":{"start":{"line":253,"column":44},"end":{"line":253,"column":56}},"loc":{"start":{"line":253,"column":71},"end":{"line":289,"column":1}},"line":253},"27":{"name":"readUnsigned","decl":{"start":{"line":292,"column":44},"end":{"line":292,"column":56}},"loc":{"start":{"line":292,"column":58},"end":{"line":326,"column":1}},"line":292},"28":{"name":"writeUnsigned","decl":{"start":{"line":328,"column":45},"end":{"line":328,"column":58}},"loc":{"start":{"line":328,"column":74},"end":{"line":344,"column":1}},"line":328},"29":{"name":"readInteger","decl":{"start":{"line":346,"column":43},"end":{"line":346,"column":54}},"loc":{"start":{"line":346,"column":56},"end":{"line":382,"column":1}},"line":346},"30":{"name":"writeInteger","decl":{"start":{"line":384,"column":44},"end":{"line":384,"column":56}},"loc":{"start":{"line":384,"column":72},"end":{"line":400,"column":1}},"line":384},"31":{"name":"readSmlValue","decl":{"start":{"line":402,"column":44},"end":{"line":402,"column":56}},"loc":{"start":{"line":402,"column":58},"end":{"line":415,"column":1}},"line":402},"32":{"name":"writeSmlValue","decl":{"start":{"line":417,"column":45},"end":{"line":417,"column":58}},"loc":{"start":{"line":417,"column":76},"end":{"line":441,"column":1}},"line":417},"33":{"name":"readSmlBoolean","decl":{"start":{"line":443,"column":46},"end":{"line":443,"column":60}},"loc":{"start":{"line":443,"column":62},"end":{"line":464,"column":1}},"line":443},"34":{"name":"writeSmlBoolean","decl":{"start":{"line":466,"column":47},"end":{"line":466,"column":62}},"loc":{"start":{"line":466,"column":69},"end":{"line":479,"column":1}},"line":466},"35":{"name":"readChoice","decl":{"start":{"line":481,"column":42},"end":{"line":481,"column":52}},"loc":{"start":{"line":481,"column":54},"end":{"line":508,"column":1}},"line":481},"36":{"name":"writeChoice","decl":{"start":{"line":510,"column":43},"end":{"line":510,"column":54}},"loc":{"start":{"line":510,"column":70},"end":{"line":517,"column":1}},"line":510}},"branchMap":{"0":{"loc":{"start":{"line":11,"column":1},"end":{"line":15,"column":2}},"type":"if","locations":[{"start":{"line":11,"column":1},"end":{"line":15,"column":2}},{"start":{"line":11,"column":1},"end":{"line":15,"column":2}}],"line":11},"1":{"loc":{"start":{"line":37,"column":1},"end":{"line":37,"column":55}},"type":"if","locations":[{"start":{"line":37,"column":1},"end":{"line":37,"column":55}},{"start":{"line":37,"column":1},"end":{"line":37,"column":55}}],"line":37},"2":{"loc":{"start":{"line":42,"column":4},"end":{"line":42,"column":36}},"type":"if","locations":[{"start":{"line":42,"column":4},"end":{"line":42,"column":36}},{"start":{"line":42,"column":4},"end":{"line":42,"column":36}}],"line":42},"3":{"loc":{"start":{"line":67,"column":4},"end":{"line":76,"column":5}},"type":"if","locations":[{"start":{"line":67,"column":4},"end":{"line":76,"column":5}},{"start":{"line":67,"column":4},"end":{"line":76,"column":5}}],"line":67},"4":{"loc":{"start":{"line":86,"column":1},"end":{"line":97,"column":2}},"type":"if","locations":[{"start":{"line":86,"column":1},"end":{"line":97,"column":2}},{"start":{"line":86,"column":1},"end":{"line":97,"column":2}}],"line":86},"5":{"loc":{"start":{"line":86,"column":4},"end":{"line":86,"column":34}},"type":"binary-expr","locations":[{"start":{"line":86,"column":4},"end":{"line":86,"column":17}},{"start":{"line":86,"column":21},"end":{"line":86,"column":34}}],"line":86},"6":{"loc":{"start":{"line":89,"column":2},"end":{"line":96,"column":3}},"type":"if","locations":[{"start":{"line":89,"column":2},"end":{"line":96,"column":3}},{"start":{"line":89,"column":2},"end":{"line":96,"column":3}}],"line":89},"7":{"loc":{"start":{"line":89,"column":5},"end":{"line":89,"column":35}},"type":"binary-expr","locations":[{"start":{"line":89,"column":5},"end":{"line":89,"column":18}},{"start":{"line":89,"column":22},"end":{"line":89,"column":35}}],"line":89},"8":{"loc":{"start":{"line":154,"column":4},"end":{"line":159,"column":5}},"type":"if","locations":[{"start":{"line":154,"column":4},"end":{"line":159,"column":5}},{"start":{"line":154,"column":4},"end":{"line":159,"column":5}}],"line":154},"9":{"loc":{"start":{"line":167,"column":4},"end":{"line":172,"column":5}},"type":"if","locations":[{"start":{"line":167,"column":4},"end":{"line":172,"column":5}},{"start":{"line":167,"column":4},"end":{"line":172,"column":5}}],"line":167},"10":{"loc":{"start":{"line":211,"column":4},"end":{"line":212,"column":44}},"type":"if","locations":[{"start":{"line":211,"column":4},"end":{"line":212,"column":44}},{"start":{"line":211,"column":4},"end":{"line":212,"column":44}}],"line":211},"11":{"loc":{"start":{"line":221,"column":4},"end":{"line":222,"column":45}},"type":"if","locations":[{"start":{"line":221,"column":4},"end":{"line":222,"column":45}},{"start":{"line":221,"column":4},"end":{"line":222,"column":45}}],"line":221},"12":{"loc":{"start":{"line":238,"column":19},"end":{"line":238,"column":54}},"type":"cond-expr","locations":[{"start":{"line":238,"column":42},"end":{"line":238,"column":46}},{"start":{"line":238,"column":49},"end":{"line":238,"column":54}}],"line":238},"13":{"loc":{"start":{"line":239,"column":8},"end":{"line":241,"column":3}},"type":"if","locations":[{"start":{"line":239,"column":8},"end":{"line":241,"column":3}},{"start":{"line":239,"column":8},"end":{"line":241,"column":3}}],"line":239},"14":{"loc":{"start":{"line":243,"column":8},"end":{"line":245,"column":9}},"type":"if","locations":[{"start":{"line":243,"column":8},"end":{"line":245,"column":9}},{"start":{"line":243,"column":8},"end":{"line":245,"column":9}}],"line":243},"15":{"loc":{"start":{"line":243,"column":12},"end":{"line":243,"column":51}},"type":"binary-expr","locations":[{"start":{"line":243,"column":12},"end":{"line":243,"column":39}},{"start":{"line":243,"column":43},"end":{"line":243,"column":51}}],"line":243},"16":{"loc":{"start":{"line":254,"column":4},"end":{"line":288,"column":5}},"type":"if","locations":[{"start":{"line":254,"column":4},"end":{"line":288,"column":5}},{"start":{"line":254,"column":4},"end":{"line":288,"column":5}}],"line":254},"17":{"loc":{"start":{"line":256,"column":8},"end":{"line":258,"column":9}},"type":"if","locations":[{"start":{"line":256,"column":8},"end":{"line":258,"column":9}},{"start":{"line":256,"column":8},"end":{"line":258,"column":9}}],"line":256},"18":{"loc":{"start":{"line":263,"column":8},"end":{"line":265,"column":9}},"type":"if","locations":[{"start":{"line":263,"column":8},"end":{"line":265,"column":9}},{"start":{"line":263,"column":8},"end":{"line":265,"column":9}}],"line":263},"19":{"loc":{"start":{"line":268,"column":2},"end":{"line":270,"column":9}},"type":"if","locations":[{"start":{"line":268,"column":2},"end":{"line":270,"column":9}},{"start":{"line":268,"column":2},"end":{"line":270,"column":9}}],"line":268},"20":{"loc":{"start":{"line":282,"column":12},"end":{"line":282,"column":53}},"type":"if","locations":[{"start":{"line":282,"column":12},"end":{"line":282,"column":53}},{"start":{"line":282,"column":12},"end":{"line":282,"column":53}}],"line":282},"21":{"loc":{"start":{"line":298,"column":1},"end":{"line":325,"column":2}},"type":"if","locations":[{"start":{"line":298,"column":1},"end":{"line":325,"column":2}},{"start":{"line":298,"column":1},"end":{"line":325,"column":2}}],"line":298},"22":{"loc":{"start":{"line":298,"column":4},"end":{"line":298,"column":34}},"type":"binary-expr","locations":[{"start":{"line":298,"column":4},"end":{"line":298,"column":15}},{"start":{"line":298,"column":19},"end":{"line":298,"column":34}}],"line":298},"23":{"loc":{"start":{"line":302,"column":2},"end":{"line":324,"column":3}},"type":"if","locations":[{"start":{"line":302,"column":2},"end":{"line":324,"column":3}},{"start":{"line":302,"column":2},"end":{"line":324,"column":3}}],"line":302},"24":{"loc":{"start":{"line":302,"column":5},"end":{"line":302,"column":44}},"type":"binary-expr","locations":[{"start":{"line":302,"column":5},"end":{"line":302,"column":29}},{"start":{"line":302,"column":33},"end":{"line":302,"column":44}}],"line":302},"25":{"loc":{"start":{"line":305,"column":3},"end":{"line":323,"column":4}},"type":"if","locations":[{"start":{"line":305,"column":3},"end":{"line":323,"column":4}},{"start":{"line":305,"column":3},"end":{"line":323,"column":4}}],"line":305},"26":{"loc":{"start":{"line":308,"column":10},"end":{"line":323,"column":4}},"type":"if","locations":[{"start":{"line":308,"column":10},"end":{"line":323,"column":4}},{"start":{"line":308,"column":10},"end":{"line":323,"column":4}}],"line":308},"27":{"loc":{"start":{"line":311,"column":10},"end":{"line":323,"column":4}},"type":"if","locations":[{"start":{"line":311,"column":10},"end":{"line":323,"column":4}},{"start":{"line":311,"column":10},"end":{"line":323,"column":4}}],"line":311},"28":{"loc":{"start":{"line":317,"column":10},"end":{"line":323,"column":4}},"type":"if","locations":[{"start":{"line":317,"column":10},"end":{"line":323,"column":4}},{"start":{"line":317,"column":10},"end":{"line":323,"column":4}}],"line":317},"29":{"loc":{"start":{"line":320,"column":10},"end":{"line":323,"column":4}},"type":"if","locations":[{"start":{"line":320,"column":10},"end":{"line":323,"column":4}},{"start":{"line":320,"column":10},"end":{"line":323,"column":4}}],"line":320},"30":{"loc":{"start":{"line":329,"column":1},"end":{"line":343,"column":5}},"type":"if","locations":[{"start":{"line":329,"column":1},"end":{"line":343,"column":5}},{"start":{"line":329,"column":1},"end":{"line":343,"column":5}}],"line":329},"31":{"loc":{"start":{"line":332,"column":8},"end":{"line":343,"column":5}},"type":"if","locations":[{"start":{"line":332,"column":8},"end":{"line":343,"column":5}},{"start":{"line":332,"column":8},"end":{"line":343,"column":5}}],"line":332},"32":{"loc":{"start":{"line":335,"column":8},"end":{"line":343,"column":5}},"type":"if","locations":[{"start":{"line":335,"column":8},"end":{"line":343,"column":5}},{"start":{"line":335,"column":8},"end":{"line":343,"column":5}}],"line":335},"33":{"loc":{"start":{"line":338,"column":8},"end":{"line":343,"column":5}},"type":"if","locations":[{"start":{"line":338,"column":8},"end":{"line":343,"column":5}},{"start":{"line":338,"column":8},"end":{"line":343,"column":5}}],"line":338},"34":{"loc":{"start":{"line":341,"column":8},"end":{"line":343,"column":5}},"type":"if","locations":[{"start":{"line":341,"column":8},"end":{"line":343,"column":5}},{"start":{"line":341,"column":8},"end":{"line":343,"column":5}}],"line":341},"35":{"loc":{"start":{"line":351,"column":1},"end":{"line":381,"column":2}},"type":"if","locations":[{"start":{"line":351,"column":1},"end":{"line":381,"column":2}},{"start":{"line":351,"column":1},"end":{"line":381,"column":2}}],"line":351},"36":{"loc":{"start":{"line":351,"column":4},"end":{"line":351,"column":34}},"type":"binary-expr","locations":[{"start":{"line":351,"column":4},"end":{"line":351,"column":15}},{"start":{"line":351,"column":19},"end":{"line":351,"column":34}}],"line":351},"37":{"loc":{"start":{"line":354,"column":2},"end":{"line":380,"column":3}},"type":"if","locations":[{"start":{"line":354,"column":2},"end":{"line":380,"column":3}},{"start":{"line":354,"column":2},"end":{"line":380,"column":3}}],"line":354},"38":{"loc":{"start":{"line":354,"column":5},"end":{"line":354,"column":47}},"type":"binary-expr","locations":[{"start":{"line":354,"column":5},"end":{"line":354,"column":30}},{"start":{"line":354,"column":34},"end":{"line":354,"column":47}}],"line":354},"39":{"loc":{"start":{"line":357,"column":3},"end":{"line":379,"column":4}},"type":"if","locations":[{"start":{"line":357,"column":3},"end":{"line":379,"column":4}},{"start":{"line":357,"column":3},"end":{"line":379,"column":4}}],"line":357},"40":{"loc":{"start":{"line":360,"column":10},"end":{"line":379,"column":4}},"type":"if","locations":[{"start":{"line":360,"column":10},"end":{"line":379,"column":4}},{"start":{"line":360,"column":10},"end":{"line":379,"column":4}}],"line":360},"41":{"loc":{"start":{"line":363,"column":19},"end":{"line":379,"column":4}},"type":"if","locations":[{"start":{"line":363,"column":19},"end":{"line":379,"column":4}},{"start":{"line":363,"column":19},"end":{"line":379,"column":4}}],"line":363},"42":{"loc":{"start":{"line":368,"column":10},"end":{"line":379,"column":4}},"type":"if","locations":[{"start":{"line":368,"column":10},"end":{"line":379,"column":4}},{"start":{"line":368,"column":10},"end":{"line":379,"column":4}}],"line":368},"43":{"loc":{"start":{"line":371,"column":19},"end":{"line":379,"column":4}},"type":"if","locations":[{"start":{"line":371,"column":19},"end":{"line":379,"column":4}},{"start":{"line":371,"column":19},"end":{"line":379,"column":4}}],"line":371},"44":{"loc":{"start":{"line":376,"column":10},"end":{"line":379,"column":4}},"type":"if","locations":[{"start":{"line":376,"column":10},"end":{"line":379,"column":4}},{"start":{"line":376,"column":10},"end":{"line":379,"column":4}}],"line":376},"45":{"loc":{"start":{"line":385,"column":1},"end":{"line":399,"column":5}},"type":"if","locations":[{"start":{"line":385,"column":1},"end":{"line":399,"column":5}},{"start":{"line":385,"column":1},"end":{"line":399,"column":5}}],"line":385},"46":{"loc":{"start":{"line":388,"column":8},"end":{"line":399,"column":5}},"type":"if","locations":[{"start":{"line":388,"column":8},"end":{"line":399,"column":5}},{"start":{"line":388,"column":8},"end":{"line":399,"column":5}}],"line":388},"47":{"loc":{"start":{"line":391,"column":8},"end":{"line":399,"column":5}},"type":"if","locations":[{"start":{"line":391,"column":8},"end":{"line":399,"column":5}},{"start":{"line":391,"column":8},"end":{"line":399,"column":5}}],"line":391},"48":{"loc":{"start":{"line":394,"column":8},"end":{"line":399,"column":5}},"type":"if","locations":[{"start":{"line":394,"column":8},"end":{"line":399,"column":5}},{"start":{"line":394,"column":8},"end":{"line":399,"column":5}}],"line":394},"49":{"loc":{"start":{"line":397,"column":8},"end":{"line":399,"column":5}},"type":"if","locations":[{"start":{"line":397,"column":8},"end":{"line":399,"column":5}},{"start":{"line":397,"column":8},"end":{"line":399,"column":5}}],"line":397},"50":{"loc":{"start":{"line":404,"column":1},"end":{"line":414,"column":2}},"type":"if","locations":[{"start":{"line":404,"column":1},"end":{"line":414,"column":2}},{"start":{"line":404,"column":1},"end":{"line":414,"column":2}}],"line":404},"51":{"loc":{"start":{"line":404,"column":4},"end":{"line":404,"column":100}},"type":"binary-expr","locations":[{"start":{"line":404,"column":4},"end":{"line":404,"column":50}},{"start":{"line":404,"column":54},"end":{"line":404,"column":100}}],"line":404},"52":{"loc":{"start":{"line":406,"column":8},"end":{"line":414,"column":2}},"type":"if","locations":[{"start":{"line":406,"column":8},"end":{"line":414,"column":2}},{"start":{"line":406,"column":8},"end":{"line":414,"column":2}}],"line":406},"53":{"loc":{"start":{"line":408,"column":8},"end":{"line":414,"column":2}},"type":"if","locations":[{"start":{"line":408,"column":8},"end":{"line":414,"column":2}},{"start":{"line":408,"column":8},"end":{"line":414,"column":2}}],"line":408},"54":{"loc":{"start":{"line":410,"column":8},"end":{"line":414,"column":2}},"type":"if","locations":[{"start":{"line":410,"column":8},"end":{"line":414,"column":2}},{"start":{"line":410,"column":8},"end":{"line":414,"column":2}}],"line":410},"55":{"loc":{"start":{"line":418,"column":1},"end":{"line":440,"column":5}},"type":"if","locations":[{"start":{"line":418,"column":1},"end":{"line":440,"column":5}},{"start":{"line":418,"column":1},"end":{"line":440,"column":5}}],"line":418},"56":{"loc":{"start":{"line":420,"column":8},"end":{"line":440,"column":5}},"type":"if","locations":[{"start":{"line":420,"column":8},"end":{"line":440,"column":5}},{"start":{"line":420,"column":8},"end":{"line":440,"column":5}}],"line":420},"57":{"loc":{"start":{"line":422,"column":8},"end":{"line":440,"column":5}},"type":"if","locations":[{"start":{"line":422,"column":8},"end":{"line":440,"column":5}},{"start":{"line":422,"column":8},"end":{"line":440,"column":5}}],"line":422},"58":{"loc":{"start":{"line":424,"column":8},"end":{"line":440,"column":5}},"type":"if","locations":[{"start":{"line":424,"column":8},"end":{"line":440,"column":5}},{"start":{"line":424,"column":8},"end":{"line":440,"column":5}}],"line":424},"59":{"loc":{"start":{"line":426,"column":8},"end":{"line":440,"column":5}},"type":"if","locations":[{"start":{"line":426,"column":8},"end":{"line":440,"column":5}},{"start":{"line":426,"column":8},"end":{"line":440,"column":5}}],"line":426},"60":{"loc":{"start":{"line":428,"column":8},"end":{"line":440,"column":5}},"type":"if","locations":[{"start":{"line":428,"column":8},"end":{"line":440,"column":5}},{"start":{"line":428,"column":8},"end":{"line":440,"column":5}}],"line":428},"61":{"loc":{"start":{"line":430,"column":8},"end":{"line":440,"column":5}},"type":"if","locations":[{"start":{"line":430,"column":8},"end":{"line":440,"column":5}},{"start":{"line":430,"column":8},"end":{"line":440,"column":5}}],"line":430},"62":{"loc":{"start":{"line":432,"column":8},"end":{"line":440,"column":5}},"type":"if","locations":[{"start":{"line":432,"column":8},"end":{"line":440,"column":5}},{"start":{"line":432,"column":8},"end":{"line":440,"column":5}}],"line":432},"63":{"loc":{"start":{"line":434,"column":8},"end":{"line":440,"column":5}},"type":"if","locations":[{"start":{"line":434,"column":8},"end":{"line":440,"column":5}},{"start":{"line":434,"column":8},"end":{"line":440,"column":5}}],"line":434},"64":{"loc":{"start":{"line":436,"column":8},"end":{"line":440,"column":5}},"type":"if","locations":[{"start":{"line":436,"column":8},"end":{"line":440,"column":5}},{"start":{"line":436,"column":8},"end":{"line":440,"column":5}}],"line":436},"65":{"loc":{"start":{"line":438,"column":8},"end":{"line":440,"column":5}},"type":"if","locations":[{"start":{"line":438,"column":8},"end":{"line":440,"column":5}},{"start":{"line":438,"column":8},"end":{"line":440,"column":5}}],"line":438},"66":{"loc":{"start":{"line":448,"column":1},"end":{"line":463,"column":2}},"type":"if","locations":[{"start":{"line":448,"column":1},"end":{"line":463,"column":2}},{"start":{"line":448,"column":1},"end":{"line":463,"column":2}}],"line":448},"67":{"loc":{"start":{"line":448,"column":4},"end":{"line":448,"column":36}},"type":"binary-expr","locations":[{"start":{"line":448,"column":4},"end":{"line":448,"column":17}},{"start":{"line":448,"column":21},"end":{"line":448,"column":36}}],"line":448},"68":{"loc":{"start":{"line":452,"column":2},"end":{"line":462,"column":3}},"type":"if","locations":[{"start":{"line":452,"column":2},"end":{"line":462,"column":3}},{"start":{"line":452,"column":2},"end":{"line":462,"column":3}}],"line":452},"69":{"loc":{"start":{"line":452,"column":5},"end":{"line":452,"column":48}},"type":"binary-expr","locations":[{"start":{"line":452,"column":5},"end":{"line":452,"column":30}},{"start":{"line":452,"column":34},"end":{"line":452,"column":48}}],"line":452},"70":{"loc":{"start":{"line":455,"column":3},"end":{"line":461,"column":4}},"type":"if","locations":[{"start":{"line":455,"column":3},"end":{"line":461,"column":4}},{"start":{"line":455,"column":3},"end":{"line":461,"column":4}}],"line":455},"71":{"loc":{"start":{"line":468,"column":1},"end":{"line":478,"column":2}},"type":"if","locations":[{"start":{"line":468,"column":1},"end":{"line":478,"column":2}},{"start":{"line":468,"column":1},"end":{"line":478,"column":2}}],"line":468},"72":{"loc":{"start":{"line":473,"column":2},"end":{"line":477,"column":3}},"type":"if","locations":[{"start":{"line":473,"column":2},"end":{"line":477,"column":3}},{"start":{"line":473,"column":2},"end":{"line":477,"column":3}}],"line":473},"73":{"loc":{"start":{"line":487,"column":1},"end":{"line":507,"column":2}},"type":"if","locations":[{"start":{"line":487,"column":1},"end":{"line":507,"column":2}},{"start":{"line":487,"column":1},"end":{"line":507,"column":2}}],"line":487},"74":{"loc":{"start":{"line":487,"column":5},"end":{"line":487,"column":37}},"type":"binary-expr","locations":[{"start":{"line":487,"column":5},"end":{"line":487,"column":18}},{"start":{"line":487,"column":22},"end":{"line":487,"column":37}}],"line":487},"75":{"loc":{"start":{"line":490,"column":8},"end":{"line":507,"column":2}},"type":"if","locations":[{"start":{"line":490,"column":8},"end":{"line":507,"column":2}},{"start":{"line":490,"column":8},"end":{"line":507,"column":2}}],"line":490},"76":{"loc":{"start":{"line":490,"column":12},"end":{"line":490,"column":58}},"type":"binary-expr","locations":[{"start":{"line":490,"column":12},"end":{"line":490,"column":32}},{"start":{"line":490,"column":36},"end":{"line":490,"column":58}}],"line":490},"77":{"loc":{"start":{"line":503,"column":8},"end":{"line":507,"column":2}},"type":"if","locations":[{"start":{"line":503,"column":8},"end":{"line":507,"column":2}},{"start":{"line":503,"column":8},"end":{"line":507,"column":2}}],"line":503},"78":{"loc":{"start":{"line":503,"column":12},"end":{"line":503,"column":58}},"type":"binary-expr","locations":[{"start":{"line":503,"column":12},"end":{"line":503,"column":32}},{"start":{"line":503,"column":36},"end":{"line":503,"column":58}}],"line":503},"79":{"loc":{"start":{"line":512,"column":1},"end":{"line":516,"column":2}},"type":"if","locations":[{"start":{"line":512,"column":1},"end":{"line":516,"column":2}},{"start":{"line":512,"column":1},"end":{"line":516,"column":2}}],"line":512}},"s":{"0":1,"1":230,"2":103,"3":127,"4":230,"5":230,"6":1,"7":36,"8":1,"9":238,"10":1,"11":109,"12":1,"13":3,"14":1,"15":1,"16":0,"17":1,"18":1,"19":36,"20":26,"21":36,"22":1,"23":581,"24":581,"25":562,"26":562,"27":19,"28":19,"29":245,"30":245,"31":1,"32":1989,"33":1989,"34":1989,"35":1989,"36":861,"37":1128,"38":0,"39":1128,"40":1128,"41":1128,"42":1128,"43":1,"44":1315,"45":1315,"46":1315,"47":1315,"48":1,"49":442,"50":442,"51":442,"52":442,"53":1,"54":356,"55":356,"56":356,"57":356,"58":1,"59":33,"60":33,"61":33,"62":33,"63":1,"64":357,"65":357,"66":357,"67":357,"68":1,"69":78,"70":78,"71":78,"72":78,"73":1,"74":31,"75":31,"76":31,"77":31,"78":31,"79":25,"80":6,"81":1,"82":111,"83":111,"84":111,"85":111,"86":111,"87":110,"88":1,"89":1,"90":231,"91":231,"92":1,"93":1677,"94":1677,"95":1,"96":29,"97":29,"98":1,"99":144,"100":144,"101":1,"102":44,"103":44,"104":1,"105":316,"106":316,"107":1,"108":75,"109":75,"110":0,"111":75,"112":75,"113":75,"114":1,"115":23,"116":23,"117":2,"118":21,"119":23,"120":23,"121":1,"122":6728,"123":6728,"124":6728,"125":6728,"126":6788,"127":6788,"128":6788,"129":6788,"130":6728,"131":6788,"132":6788,"133":51,"134":6728,"135":6728,"136":1,"137":2461,"138":1833,"139":0,"140":1833,"141":1833,"142":628,"143":0,"144":628,"145":628,"146":583,"147":628,"148":628,"149":664,"150":664,"151":628,"152":628,"153":664,"154":664,"155":664,"156":36,"157":664,"158":664,"159":664,"160":664,"161":1,"162":2165,"163":2165,"164":2165,"165":2165,"166":530,"167":530,"168":1635,"169":1,"170":1634,"171":952,"172":952,"173":682,"174":305,"175":305,"176":377,"177":41,"178":41,"179":41,"180":41,"181":336,"182":306,"183":306,"184":30,"185":28,"186":28,"187":1,"188":840,"189":488,"190":488,"191":352,"192":116,"193":116,"194":236,"195":216,"196":216,"197":20,"198":20,"199":20,"200":0,"201":0,"202":1,"203":832,"204":832,"205":832,"206":832,"207":136,"208":696,"209":1,"210":695,"211":441,"212":441,"213":254,"214":32,"215":32,"216":222,"217":2,"218":2,"219":2,"220":2,"221":220,"222":77,"223":77,"224":143,"225":34,"226":34,"227":34,"228":34,"229":109,"230":109,"231":109,"232":1,"233":371,"234":229,"235":229,"236":142,"237":27,"238":27,"239":115,"240":42,"241":42,"242":73,"243":73,"244":73,"245":0,"246":0,"247":1,"248":578,"249":179,"250":399,"251":1,"252":398,"253":255,"254":143,"255":142,"256":1,"257":1,"258":301,"259":1,"260":300,"261":88,"262":212,"263":14,"264":198,"265":13,"266":185,"267":32,"268":153,"269":9,"270":144,"271":4,"272":140,"273":26,"274":114,"275":41,"276":73,"277":72,"278":1,"279":1,"280":1,"281":6,"282":6,"283":6,"284":6,"285":1,"286":5,"287":1,"288":4,"289":2,"290":2,"291":2,"292":2,"293":1,"294":5,"295":1,"296":4,"297":4,"298":2,"299":2,"300":1,"301":765,"302":765,"303":765,"304":765,"305":453,"306":312,"307":6,"308":6,"309":306,"310":1,"311":305,"312":1,"313":159,"314":159,"315":159,"316":0,"317":1},"f":{"0":230,"1":36,"2":238,"3":109,"4":3,"5":1,"6":36,"7":581,"8":1989,"9":1315,"10":442,"11":356,"12":33,"13":357,"14":78,"15":31,"16":111,"17":231,"18":1677,"19":29,"20":144,"21":44,"22":316,"23":75,"24":23,"25":6728,"26":2461,"27":2165,"28":840,"29":832,"30":371,"31":578,"32":301,"33":6,"34":5,"35":765,"36":159},"b":{"0":[103,127],"1":[0,1],"2":[26,10],"3":[562,19],"4":[861,1128],"5":[1989,1989],"6":[0,1128],"7":[1128,1128],"8":[25,6],"9":[110,1],"10":[0,75],"11":[2,21],"12":[60,6728],"13":[6728,60],"14":[51,6737],"15":[6788,3167],"16":[1833,628],"17":[0,1833],"18":[0,628],"19":[583,45],"20":[36,628],"21":[530,1635],"22":[2165,532],"23":[1,1634],"24":[1635,3],"25":[952,682],"26":[305,377],"27":[41,336],"28":[306,30],"29":[28,2],"30":[488,352],"31":[116,236],"32":[216,20],"33":[20,0],"34":[0,0],"35":[136,696],"36":[832,136],"37":[1,695],"38":[696,1],"39":[441,254],"40":[32,222],"41":[2,220],"42":[77,143],"43":[34,109],"44":[109,0],"45":[229,142],"46":[27,115],"47":[42,73],"48":[73,0],"49":[0,0],"50":[179,399],"51":[578,449],"52":[1,398],"53":[255,143],"54":[142,1],"55":[1,300],"56":[88,212],"57":[14,198],"58":[13,185],"59":[32,153],"60":[9,144],"61":[4,140],"62":[26,114],"63":[41,73],"64":[72,1],"65":[1,0],"66":[1,5],"67":[6,1],"68":[1,4],"69":[5,5],"70":[2,2],"71":[1,4],"72":[2,2],"73":[453,312],"74":[765,454],"75":[6,306],"76":[312,6],"77":[1,305],"78":[306,1],"79":[159,0]},"_coverageSchema":"1a1c01bbd47fc00a2c39e90264f33305004495a9","hash":"dd335e416c9fd8859bf9da5cb2d1b21f36840422","contentHash":"631fdd2a073c13bdf451c530931a3bc0625ccc4365520743bcef97b0942ab169"},"/home/runner/work/OpenSML/OpenSML/lib/Constants.js":{"path":"/home/runner/work/OpenSML/OpenSML/lib/Constants.js","statementMap":{"0":{"start":{"line":7,"column":22},"end":{"line":7,"column":25}},"1":{"start":{"line":9,"column":21},"end":{"line":9,"column":25}},"2":{"start":{"line":10,"column":22},"end":{"line":10,"column":26}},"3":{"start":{"line":11,"column":19},"end":{"line":11,"column":23}},"4":{"start":{"line":13,"column":26},"end":{"line":13,"column":36}},"5":{"start":{"line":14,"column":27},"end":{"line":14,"column":37}},"6":{"start":{"line":15,"column":27},"end":{"line":15,"column":37}},"7":{"start":{"line":16,"column":28},"end":{"line":16,"column":38}},"8":{"start":{"line":17,"column":31},"end":{"line":17,"column":41}},"9":{"start":{"line":18,"column":32},"end":{"line":18,"column":42}},"10":{"start":{"line":19,"column":31},"end":{"line":19,"column":41}},"11":{"start":{"line":20,"column":32},"end":{"line":20,"column":42}},"12":{"start":{"line":21,"column":33},"end":{"line":21,"column":43}},"13":{"start":{"line":22,"column":34},"end":{"line":22,"column":44}},"14":{"start":{"line":23,"column":33},"end":{"line":23,"column":43}},"15":{"start":{"line":24,"column":34},"end":{"line":24,"column":44}},"16":{"start":{"line":25,"column":23},"end":{"line":25,"column":33}},"17":{"start":{"line":26,"column":24},"end":{"line":26,"column":34}},"18":{"start":{"line":27,"column":25},"end":{"line":27,"column":35}},"19":{"start":{"line":29,"column":17},"end":{"line":29,"column":21}},"20":{"start":{"line":30,"column":16},"end":{"line":30,"column":20}},"21":{"start":{"line":31,"column":16},"end":{"line":31,"column":20}},"22":{"start":{"line":32,"column":21},"end":{"line":32,"column":25}},"23":{"start":{"line":33,"column":14},"end":{"line":33,"column":18}},"24":{"start":{"line":34,"column":15},"end":{"line":34,"column":19}},"25":{"start":{"line":35,"column":15},"end":{"line":35,"column":19}},"26":{"start":{"line":36,"column":15},"end":{"line":36,"column":19}},"27":{"start":{"line":37,"column":13},"end":{"line":37,"column":17}},"28":{"start":{"line":38,"column":14},"end":{"line":38,"column":18}},"29":{"start":{"line":39,"column":14},"end":{"line":39,"column":18}},"30":{"start":{"line":40,"column":14},"end":{"line":40,"column":18}},"31":{"start":{"line":41,"column":18},"end":{"line":41,"column":22}},"32":{"start":{"line":42,"column":25},"end":{"line":42,"column":29}},"33":{"start":{"line":43,"column":24},"end":{"line":43,"column":28}},"34":{"start":{"line":44,"column":17},"end":{"line":44,"column":21}},"35":{"start":{"line":45,"column":18},"end":{"line":45,"column":22}},"36":{"start":{"line":46,"column":18},"end":{"line":46,"column":22}},"37":{"start":{"line":47,"column":17},"end":{"line":47,"column":21}},"38":{"start":{"line":49,"column":0},"end":{"line":85,"column":2}}},"fnMap":{},"branchMap":{},"s":{"0":1,"1":1,"2":1,"3":1,"4":1,"5":1,"6":1,"7":1,"8":1,"9":1,"10":1,"11":1,"12":1,"13":1,"14":1,"15":1,"16":1,"17":1,"18":1,"19":1,"20":1,"21":1,"22":1,"23":1,"24":1,"25":1,"26":1,"27":1,"28":1,"29":1,"30":1,"31":1,"32":1,"33":1,"34":1,"35":1,"36":1,"37":1,"38":1},"f":{},"b":{},"_coverageSchema":"1a1c01bbd47fc00a2c39e90264f33305004495a9","hash":"f3b36b8d9ed69ea3ad5a8af79f8cf1136a65df97","contentHash":"6c3308f5b3f2ae28059e46117d4cbe479c75a1be4f308e8632965eceb42148be"},"/home/runner/work/OpenSML/OpenSML/lib/SmlCRC.js":{"path":"/home/runner/work/OpenSML/OpenSML/lib/SmlCRC.js","statementMap":{"0":{"start":{"line":10,"column":0},"end":{"line":29,"column":101}},"1":{"start":{"line":34,"column":0},"end":{"line":41,"column":2}},"2":{"start":{"line":35,"column":14},"end":{"line":35,"column":20}},"3":{"start":{"line":36,"column":4},"end":{"line":38,"column":5}},"4":{"start":{"line":36,"column":17},"end":{"line":36,"column":18}},"5":{"start":{"line":37,"column":8},"end":{"line":37,"column":64}},"6":{"start":{"line":39,"column":4},"end":{"line":39,"column":18}},"7":{"start":{"line":40,"column":4},"end":{"line":40,"column":15}},"8":{"start":{"line":46,"column":0},"end":{"line":50,"column":2}},"9":{"start":{"line":47,"column":14},"end":{"line":47,"column":37}},"10":{"start":{"line":48,"column":4},"end":{"line":48,"column":54}},"11":{"start":{"line":49,"column":4},"end":{"line":49,"column":15}},"12":{"start":{"line":55,"column":0},"end":{"line":63,"column":1}},"13":{"start":{"line":56,"column":14},"end":{"line":56,"column":20}},"14":{"start":{"line":58,"column":4},"end":{"line":60,"column":5}},"15":{"start":{"line":58,"column":16},"end":{"line":58,"column":17}},"16":{"start":{"line":59,"column":8},"end":{"line":59,"column":64}},"17":{"start":{"line":62,"column":4},"end":{"line":62,"column":15}},"18":{"start":{"line":64,"column":0},"end":{"line":64,"column":24}}},"fnMap":{"0":{"name":"SmlCRC","decl":{"start":{"line":31,"column":9},"end":{"line":31,"column":15}},"loc":{"start":{"line":31,"column":17},"end":{"line":32,"column":1}},"line":31},"1":{"name":"crc16CCITT","decl":{"start":{"line":34,"column":29},"end":{"line":34,"column":39}},"loc":{"start":{"line":34,"column":48},"end":{"line":41,"column":1}},"line":34},"2":{"name":"crc16CCITTRotate","decl":{"start":{"line":46,"column":35},"end":{"line":46,"column":51}},"loc":{"start":{"line":46,"column":60},"end":{"line":50,"column":1}},"line":46},"3":{"name":"crc16Kermit","decl":{"start":{"line":55,"column":30},"end":{"line":55,"column":41}},"loc":{"start":{"line":55,"column":50},"end":{"line":63,"column":1}},"line":55}},"branchMap":{},"s":{"0":1,"1":1,"2":512,"3":512,"4":512,"5":86516,"6":512,"7":512,"8":1,"9":273,"10":273,"11":273,"12":1,"13":30,"14":30,"15":30,"16":5229,"17":30,"18":1},"f":{"0":0,"1":512,"2":273,"3":30},"b":{},"_coverageSchema":"1a1c01bbd47fc00a2c39e90264f33305004495a9","hash":"5f0e70775ebf6b9050a918c09e7a3e18f25d8908","contentHash":"9d8df9d05dd690e2452f4ab7b27ebf7060a42450bfa69eefd03296b386a58a2d"},"/home/runner/work/OpenSML/OpenSML/lib/SmlFile.js":{"path":"/home/runner/work/OpenSML/OpenSML/lib/SmlFile.js","statementMap":{"0":{"start":{"line":7,"column":16},"end":{"line":7,"column":38}},"1":{"start":{"line":8,"column":16},"end":{"line":8,"column":38}},"2":{"start":{"line":9,"column":17},"end":{"line":9,"column":40}},"3":{"start":{"line":10,"column":12},"end":{"line":10,"column":31}},"4":{"start":{"line":13,"column":1},"end":{"line":13,"column":20}},"5":{"start":{"line":14,"column":4},"end":{"line":14,"column":25}},"6":{"start":{"line":17,"column":0},"end":{"line":48,"column":2}},"7":{"start":{"line":18,"column":14},"end":{"line":18,"column":57}},"8":{"start":{"line":19,"column":1},"end":{"line":19,"column":32}},"9":{"start":{"line":20,"column":1},"end":{"line":20,"column":32}},"10":{"start":{"line":21,"column":23},"end":{"line":21,"column":27}},"11":{"start":{"line":22,"column":4},"end":{"line":25,"column":2}},"12":{"start":{"line":23,"column":2},"end":{"line":23,"column":35}},"13":{"start":{"line":24,"column":8},"end":{"line":24,"column":58}},"14":{"start":{"line":26,"column":4},"end":{"line":45,"column":5}},"15":{"start":{"line":27,"column":30},"end":{"line":27,"column":31}},"16":{"start":{"line":28,"column":8},"end":{"line":31,"column":9}},"17":{"start":{"line":29,"column":12},"end":{"line":29,"column":33}},"18":{"start":{"line":30,"column":12},"end":{"line":30,"column":32}},"19":{"start":{"line":32,"column":8},"end":{"line":32,"column":39}},"20":{"start":{"line":33,"column":8},"end":{"line":33,"column":32}},"21":{"start":{"line":34,"column":8},"end":{"line":34,"column":45}},"22":{"start":{"line":38,"column":16},"end":{"line":38,"column":71}},"23":{"start":{"line":40,"column":8},"end":{"line":40,"column":32}},"24":{"start":{"line":41,"column":8},"end":{"line":41,"column":26}},"25":{"start":{"line":44,"column":8},"end":{"line":44,"column":27}},"26":{"start":{"line":47,"column":1},"end":{"line":47,"column":15}},"27":{"start":{"line":50,"column":0},"end":{"line":58,"column":2}},"28":{"start":{"line":51,"column":12},"end":{"line":51,"column":13}},"29":{"start":{"line":52,"column":1},"end":{"line":54,"column":2}},"30":{"start":{"line":53,"column":2},"end":{"line":53,"column":39}},"31":{"start":{"line":55,"column":4},"end":{"line":55,"column":35}},"32":{"start":{"line":57,"column":1},"end":{"line":57,"column":13}},"33":{"start":{"line":60,"column":0},"end":{"line":62,"column":2}},"34":{"start":{"line":61,"column":1},"end":{"line":61,"column":32}},"35":{"start":{"line":64,"column":0},"end":{"line":66,"column":2}},"36":{"start":{"line":65,"column":1},"end":{"line":65,"column":22}},"37":{"start":{"line":68,"column":0},"end":{"line":82,"column":2}},"38":{"start":{"line":69,"column":11},"end":{"line":69,"column":29}},"39":{"start":{"line":71,"column":1},"end":{"line":79,"column":2}},"40":{"start":{"line":72,"column":16},"end":{"line":72,"column":34}},"41":{"start":{"line":73,"column":2},"end":{"line":78,"column":3}},"42":{"start":{"line":74,"column":3},"end":{"line":74,"column":36}},"43":{"start":{"line":77,"column":3},"end":{"line":77,"column":25}},"44":{"start":{"line":80,"column":1},"end":{"line":80,"column":25}},"45":{"start":{"line":81,"column":1},"end":{"line":81,"column":12}},"46":{"start":{"line":84,"column":0},"end":{"line":138,"column":2}},"47":{"start":{"line":85,"column":17},"end":{"line":85,"column":38}},"48":{"start":{"line":87,"column":1},"end":{"line":89,"column":2}},"49":{"start":{"line":88,"column":2},"end":{"line":88,"column":25}},"50":{"start":{"line":91,"column":1},"end":{"line":95,"column":2}},"51":{"start":{"line":92,"column":2},"end":{"line":92,"column":25}},"52":{"start":{"line":93,"column":8},"end":{"line":95,"column":2}},"53":{"start":{"line":94,"column":2},"end":{"line":94,"column":25}},"54":{"start":{"line":97,"column":1},"end":{"line":137,"column":51}},"55":{"start":{"line":98,"column":16},"end":{"line":98,"column":43}},"56":{"start":{"line":99,"column":2},"end":{"line":99,"column":27}},"57":{"start":{"line":100,"column":2},"end":{"line":100,"column":24}},"58":{"start":{"line":101,"column":2},"end":{"line":136,"column":3}},"59":{"start":{"line":102,"column":34},"end":{"line":102,"column":35}},"60":{"start":{"line":103,"column":12},"end":{"line":106,"column":13}},"61":{"start":{"line":104,"column":16},"end":{"line":104,"column":39}},"62":{"start":{"line":105,"column":16},"end":{"line":105,"column":36}},"63":{"start":{"line":109,"column":3},"end":{"line":133,"column":4}},"64":{"start":{"line":110,"column":4},"end":{"line":132,"column":5}},"65":{"start":{"line":111,"column":35},"end":{"line":111,"column":56}},"66":{"start":{"line":112,"column":20},"end":{"line":114,"column":21}},"67":{"start":{"line":115,"column":32},"end":{"line":115,"column":54}},"68":{"start":{"line":116,"column":32},"end":{"line":116,"column":85}},"69":{"start":{"line":118,"column":20},"end":{"line":131,"column":21}},"70":{"start":{"line":119,"column":6},"end":{"line":119,"column":24}},"71":{"start":{"line":122,"column":24},"end":{"line":122,"column":92}},"72":{"start":{"line":124,"column":24},"end":{"line":130,"column":25}},"73":{"start":{"line":125,"column":10},"end":{"line":125,"column":28}},"74":{"start":{"line":128,"column":28},"end":{"line":128,"column":95}},"75":{"start":{"line":129,"column":28},"end":{"line":129,"column":61}},"76":{"start":{"line":140,"column":0},"end":{"line":140,"column":25}}},"fnMap":{"0":{"name":"SmlFile","decl":{"start":{"line":12,"column":9},"end":{"line":12,"column":16}},"loc":{"start":{"line":12,"column":18},"end":{"line":15,"column":1}},"line":12},"1":{"name":"write","decl":{"start":{"line":17,"column":35},"end":{"line":17,"column":40}},"loc":{"start":{"line":17,"column":42},"end":{"line":48,"column":1}},"line":17},"2":{"name":"getSize","decl":{"start":{"line":50,"column":37},"end":{"line":50,"column":44}},"loc":{"start":{"line":50,"column":46},"end":{"line":58,"column":1}},"line":50},"3":{"name":"addMessage","decl":{"start":{"line":60,"column":40},"end":{"line":60,"column":50}},"loc":{"start":{"line":60,"column":62},"end":{"line":62,"column":1}},"line":60},"4":{"name":"getMessages","decl":{"start":{"line":64,"column":41},"end":{"line":64,"column":52}},"loc":{"start":{"line":64,"column":54},"end":{"line":66,"column":1}},"line":64},"5":{"name":"toString","decl":{"start":{"line":68,"column":38},"end":{"line":68,"column":46}},"loc":{"start":{"line":68,"column":48},"end":{"line":82,"column":1}},"line":68},"6":{"name":"parse","decl":{"start":{"line":84,"column":35},"end":{"line":84,"column":40}},"loc":{"start":{"line":84,"column":48},"end":{"line":138,"column":1}},"line":84}},"branchMap":{"0":{"loc":{"start":{"line":26,"column":4},"end":{"line":45,"column":5}},"type":"if","locations":[{"start":{"line":26,"column":4},"end":{"line":45,"column":5}},{"start":{"line":26,"column":4},"end":{"line":45,"column":5}}],"line":26},"1":{"loc":{"start":{"line":26,"column":7},"end":{"line":26,"column":108}},"type":"binary-expr","locations":[{"start":{"line":26,"column":7},"end":{"line":26,"column":56}},{"start":{"line":26,"column":60},"end":{"line":26,"column":108}}],"line":26},"2":{"loc":{"start":{"line":73,"column":2},"end":{"line":78,"column":3}},"type":"if","locations":[{"start":{"line":73,"column":2},"end":{"line":78,"column":3}},{"start":{"line":73,"column":2},"end":{"line":78,"column":3}}],"line":73},"3":{"loc":{"start":{"line":87,"column":1},"end":{"line":89,"column":2}},"type":"if","locations":[{"start":{"line":87,"column":1},"end":{"line":89,"column":2}},{"start":{"line":87,"column":1},"end":{"line":89,"column":2}}],"line":87},"4":{"loc":{"start":{"line":91,"column":1},"end":{"line":95,"column":2}},"type":"if","locations":[{"start":{"line":91,"column":1},"end":{"line":95,"column":2}},{"start":{"line":91,"column":1},"end":{"line":95,"column":2}}],"line":91},"5":{"loc":{"start":{"line":93,"column":8},"end":{"line":95,"column":2}},"type":"if","locations":[{"start":{"line":93,"column":8},"end":{"line":95,"column":2}},{"start":{"line":93,"column":8},"end":{"line":95,"column":2}}],"line":93},"6":{"loc":{"start":{"line":101,"column":2},"end":{"line":136,"column":3}},"type":"if","locations":[{"start":{"line":101,"column":2},"end":{"line":136,"column":3}},{"start":{"line":101,"column":2},"end":{"line":136,"column":3}}],"line":101},"7":{"loc":{"start":{"line":101,"column":5},"end":{"line":101,"column":124}},"type":"binary-expr","locations":[{"start":{"line":101,"column":5},"end":{"line":101,"column":63}},{"start":{"line":101,"column":67},"end":{"line":101,"column":124}}],"line":101},"8":{"loc":{"start":{"line":103,"column":19},"end":{"line":103,"column":74}},"type":"binary-expr","locations":[{"start":{"line":103,"column":19},"end":{"line":103,"column":38}},{"start":{"line":103,"column":42},"end":{"line":103,"column":74}}],"line":103},"9":{"loc":{"start":{"line":109,"column":3},"end":{"line":133,"column":4}},"type":"if","locations":[{"start":{"line":109,"column":3},"end":{"line":133,"column":4}},{"start":{"line":109,"column":3},"end":{"line":133,"column":4}}],"line":109},"10":{"loc":{"start":{"line":109,"column":6},"end":{"line":109,"column":83}},"type":"binary-expr","locations":[{"start":{"line":109,"column":6},"end":{"line":109,"column":43}},{"start":{"line":109,"column":47},"end":{"line":109,"column":83}}],"line":109},"11":{"loc":{"start":{"line":110,"column":4},"end":{"line":132,"column":5}},"type":"if","locations":[{"start":{"line":110,"column":4},"end":{"line":132,"column":5}},{"start":{"line":110,"column":4},"end":{"line":132,"column":5}}],"line":110},"12":{"loc":{"start":{"line":112,"column":20},"end":{"line":114,"column":21}},"type":"if","locations":[{"start":{"line":112,"column":20},"end":{"line":114,"column":21}},{"start":{"line":112,"column":20},"end":{"line":114,"column":21}}],"line":112},"13":{"loc":{"start":{"line":118,"column":20},"end":{"line":131,"column":21}},"type":"if","locations":[{"start":{"line":118,"column":20},"end":{"line":131,"column":21}},{"start":{"line":118,"column":20},"end":{"line":131,"column":21}}],"line":118},"14":{"loc":{"start":{"line":124,"column":24},"end":{"line":130,"column":25}},"type":"if","locations":[{"start":{"line":124,"column":24},"end":{"line":130,"column":25}},{"start":{"line":124,"column":24},"end":{"line":130,"column":25}}],"line":124}},"s":{"0":1,"1":1,"2":1,"3":1,"4":72,"5":72,"6":1,"7":36,"8":36,"9":36,"10":36,"11":36,"12":84,"13":84,"14":36,"15":26,"16":26,"17":52,"18":52,"19":26,"20":26,"21":26,"22":26,"23":26,"24":26,"25":10,"26":36,"27":1,"28":36,"29":36,"30":84,"31":36,"32":36,"33":1,"34":165,"35":1,"36":0,"37":1,"38":69,"39":69,"40":159,"41":159,"42":159,"43":0,"44":69,"45":69,"46":1,"47":70,"48":70,"49":50,"50":70,"51":50,"52":20,"53":0,"54":70,"55":162,"56":162,"57":162,"58":162,"59":50,"60":50,"61":98,"62":98,"63":50,"64":49,"65":49,"66":49,"67":49,"68":49,"69":49,"70":23,"71":26,"72":26,"73":19,"74":7,"75":7,"76":1},"f":{"0":72,"1":36,"2":36,"3":165,"4":0,"5":69,"6":70},"b":{"0":[26,10],"1":[36,10],"2":[159,0],"3":[50,20],"4":[50,20],"5":[0,20],"6":[50,112],"7":[162,112],"8":[148,148],"9":[49,1],"10":[50,49],"11":[49,0],"12":[1,48],"13":[23,26],"14":[19,7]},"_coverageSchema":"1a1c01bbd47fc00a2c39e90264f33305004495a9","hash":"86ca3ef38f5c4ac24742da44223dbd73edf41035","contentHash":"5d451172c7fb6dc33e5c9aeb9667d5c291c7b425e696e5e9508987bc90612ad9"},"/home/runner/work/OpenSML/OpenSML/lib/SmlMessage.js":{"path":"/home/runner/work/OpenSML/OpenSML/lib/SmlMessage.js","statementMap":{"0":{"start":{"line":7,"column":16},"end":{"line":7,"column":38}},"1":{"start":{"line":8,"column":16},"end":{"line":8,"column":38}},"2":{"start":{"line":9,"column":21},"end":{"line":9,"column":48}},"3":{"start":{"line":10,"column":12},"end":{"line":10,"column":31}},"4":{"start":{"line":13,"column":1},"end":{"line":13,"column":29}},"5":{"start":{"line":14,"column":1},"end":{"line":14,"column":32}},"6":{"start":{"line":15,"column":1},"end":{"line":15,"column":21}},"7":{"start":{"line":16,"column":1},"end":{"line":16,"column":26}},"8":{"start":{"line":17,"column":1},"end":{"line":17,"column":30}},"9":{"start":{"line":18,"column":1},"end":{"line":18,"column":21}},"10":{"start":{"line":19,"column":4},"end":{"line":19,"column":21}},"11":{"start":{"line":22,"column":0},"end":{"line":24,"column":2}},"12":{"start":{"line":23,"column":1},"end":{"line":23,"column":27}},"13":{"start":{"line":26,"column":0},"end":{"line":28,"column":2}},"14":{"start":{"line":27,"column":1},"end":{"line":27,"column":28}},"15":{"start":{"line":30,"column":0},"end":{"line":32,"column":2}},"16":{"start":{"line":31,"column":1},"end":{"line":31,"column":21}},"17":{"start":{"line":34,"column":0},"end":{"line":36,"column":2}},"18":{"start":{"line":35,"column":1},"end":{"line":35,"column":22}},"19":{"start":{"line":38,"column":0},"end":{"line":40,"column":2}},"20":{"start":{"line":39,"column":1},"end":{"line":39,"column":26}},"21":{"start":{"line":42,"column":0},"end":{"line":44,"column":2}},"22":{"start":{"line":43,"column":1},"end":{"line":43,"column":27}},"23":{"start":{"line":46,"column":0},"end":{"line":48,"column":2}},"24":{"start":{"line":47,"column":1},"end":{"line":47,"column":25}},"25":{"start":{"line":50,"column":0},"end":{"line":52,"column":2}},"26":{"start":{"line":51,"column":1},"end":{"line":51,"column":26}},"27":{"start":{"line":54,"column":0},"end":{"line":56,"column":2}},"28":{"start":{"line":55,"column":1},"end":{"line":55,"column":19}},"29":{"start":{"line":58,"column":0},"end":{"line":60,"column":2}},"30":{"start":{"line":59,"column":1},"end":{"line":59,"column":20}},"31":{"start":{"line":62,"column":0},"end":{"line":64,"column":2}},"32":{"start":{"line":63,"column":1},"end":{"line":63,"column":19}},"33":{"start":{"line":66,"column":0},"end":{"line":68,"column":2}},"34":{"start":{"line":67,"column":1},"end":{"line":67,"column":20}},"35":{"start":{"line":70,"column":0},"end":{"line":72,"column":2}},"36":{"start":{"line":71,"column":1},"end":{"line":71,"column":24}},"37":{"start":{"line":74,"column":0},"end":{"line":76,"column":2}},"38":{"start":{"line":75,"column":1},"end":{"line":75,"column":25}},"39":{"start":{"line":78,"column":0},"end":{"line":85,"column":2}},"40":{"start":{"line":79,"column":12},"end":{"line":79,"column":14}},"41":{"start":{"line":80,"column":1},"end":{"line":80,"column":35}},"42":{"start":{"line":81,"column":1},"end":{"line":81,"column":36}},"43":{"start":{"line":84,"column":1},"end":{"line":84,"column":13}},"44":{"start":{"line":87,"column":0},"end":{"line":96,"column":2}},"45":{"start":{"line":88,"column":11},"end":{"line":88,"column":33}},"46":{"start":{"line":89,"column":1},"end":{"line":89,"column":140}},"47":{"start":{"line":90,"column":1},"end":{"line":90,"column":43}},"48":{"start":{"line":91,"column":1},"end":{"line":91,"column":54}},"49":{"start":{"line":92,"column":1},"end":{"line":92,"column":97}},"50":{"start":{"line":93,"column":1},"end":{"line":93,"column":59}},"51":{"start":{"line":94,"column":1},"end":{"line":94,"column":29}},"52":{"start":{"line":95,"column":1},"end":{"line":95,"column":12}},"53":{"start":{"line":98,"column":0},"end":{"line":112,"column":2}},"54":{"start":{"line":99,"column":26},"end":{"line":99,"column":39}},"55":{"start":{"line":100,"column":4},"end":{"line":100,"column":30}},"56":{"start":{"line":102,"column":1},"end":{"line":102,"column":45}},"57":{"start":{"line":103,"column":1},"end":{"line":103,"column":53}},"58":{"start":{"line":104,"column":1},"end":{"line":104,"column":58}},"59":{"start":{"line":105,"column":1},"end":{"line":105,"column":32}},"60":{"start":{"line":108,"column":16},"end":{"line":108,"column":90}},"61":{"start":{"line":110,"column":1},"end":{"line":110,"column":49}},"62":{"start":{"line":111,"column":1},"end":{"line":111,"column":25}},"63":{"start":{"line":114,"column":0},"end":{"line":151,"column":2}},"64":{"start":{"line":115,"column":18},"end":{"line":115,"column":34}},"65":{"start":{"line":117,"column":26},"end":{"line":117,"column":39}},"66":{"start":{"line":118,"column":1},"end":{"line":148,"column":2}},"67":{"start":{"line":119,"column":8},"end":{"line":119,"column":62}},"68":{"start":{"line":120,"column":2},"end":{"line":120,"column":47}},"69":{"start":{"line":121,"column":2},"end":{"line":121,"column":52}},"70":{"start":{"line":122,"column":19},"end":{"line":122,"column":38}},"71":{"start":{"line":123,"column":2},"end":{"line":123,"column":39}},"72":{"start":{"line":125,"column":2},"end":{"line":125,"column":70}},"73":{"start":{"line":128,"column":8},"end":{"line":128,"column":51}},"74":{"start":{"line":129,"column":20},"end":{"line":129,"column":90}},"75":{"start":{"line":131,"column":8},"end":{"line":144,"column":3}},"76":{"start":{"line":132,"column":12},"end":{"line":132,"column":38}},"77":{"start":{"line":135,"column":12},"end":{"line":135,"column":97}},"78":{"start":{"line":137,"column":12},"end":{"line":143,"column":4}},"79":{"start":{"line":138,"column":16},"end":{"line":138,"column":42}},"80":{"start":{"line":141,"column":4},"end":{"line":141,"column":89}},"81":{"start":{"line":142,"column":4},"end":{"line":142,"column":59}},"82":{"start":{"line":147,"column":2},"end":{"line":147,"column":54}},"83":{"start":{"line":150,"column":1},"end":{"line":150,"column":19}},"84":{"start":{"line":153,"column":0},"end":{"line":153,"column":28}}},"fnMap":{"0":{"name":"SmlMessage","decl":{"start":{"line":12,"column":9},"end":{"line":12,"column":19}},"loc":{"start":{"line":12,"column":21},"end":{"line":20,"column":1}},"line":12},"1":{"name":"getTransactionId","decl":{"start":{"line":22,"column":49},"end":{"line":22,"column":65}},"loc":{"start":{"line":22,"column":67},"end":{"line":24,"column":1}},"line":22},"2":{"name":"setTransactionId","decl":{"start":{"line":26,"column":49},"end":{"line":26,"column":65}},"loc":{"start":{"line":26,"column":72},"end":{"line":28,"column":1}},"line":26},"3":{"name":"getGroupNo","decl":{"start":{"line":30,"column":43},"end":{"line":30,"column":53}},"loc":{"start":{"line":30,"column":55},"end":{"line":32,"column":1}},"line":30},"4":{"name":"setGroupNo","decl":{"start":{"line":34,"column":43},"end":{"line":34,"column":53}},"loc":{"start":{"line":34,"column":60},"end":{"line":36,"column":1}},"line":34},"5":{"name":"getAbortOnError","decl":{"start":{"line":38,"column":48},"end":{"line":38,"column":63}},"loc":{"start":{"line":38,"column":65},"end":{"line":40,"column":1}},"line":38},"6":{"name":"setAbortOnError","decl":{"start":{"line":42,"column":48},"end":{"line":42,"column":63}},"loc":{"start":{"line":42,"column":70},"end":{"line":44,"column":1}},"line":42},"7":{"name":"getMessageBody","decl":{"start":{"line":46,"column":47},"end":{"line":46,"column":61}},"loc":{"start":{"line":46,"column":63},"end":{"line":48,"column":1}},"line":46},"8":{"name":"setMessageBody","decl":{"start":{"line":50,"column":47},"end":{"line":50,"column":61}},"loc":{"start":{"line":50,"column":68},"end":{"line":52,"column":1}},"line":50},"9":{"name":"getCRC16","decl":{"start":{"line":54,"column":41},"end":{"line":54,"column":49}},"loc":{"start":{"line":54,"column":51},"end":{"line":56,"column":1}},"line":54},"10":{"name":"setCRC16","decl":{"start":{"line":58,"column":41},"end":{"line":58,"column":49}},"loc":{"start":{"line":58,"column":56},"end":{"line":60,"column":1}},"line":58},"11":{"name":"isValid","decl":{"start":{"line":62,"column":40},"end":{"line":62,"column":47}},"loc":{"start":{"line":62,"column":49},"end":{"line":64,"column":1}},"line":62},"12":{"name":"setValid","decl":{"start":{"line":66,"column":41},"end":{"line":66,"column":49}},"loc":{"start":{"line":66,"column":56},"end":{"line":68,"column":1}},"line":66},"13":{"name":"getMessageTag","decl":{"start":{"line":70,"column":46},"end":{"line":70,"column":59}},"loc":{"start":{"line":70,"column":61},"end":{"line":72,"column":1}},"line":70},"14":{"name":"setMessageTag","decl":{"start":{"line":74,"column":46},"end":{"line":74,"column":59}},"loc":{"start":{"line":74,"column":66},"end":{"line":76,"column":1}},"line":74},"15":{"name":"getSize","decl":{"start":{"line":78,"column":40},"end":{"line":78,"column":47}},"loc":{"start":{"line":78,"column":49},"end":{"line":85,"column":1}},"line":78},"16":{"name":"toString","decl":{"start":{"line":87,"column":41},"end":{"line":87,"column":49}},"loc":{"start":{"line":87,"column":51},"end":{"line":96,"column":1}},"line":87},"17":{"name":"write","decl":{"start":{"line":98,"column":38},"end":{"line":98,"column":43}},"loc":{"start":{"line":98,"column":51},"end":{"line":112,"column":1}},"line":98},"18":{"name":"parse","decl":{"start":{"line":114,"column":28},"end":{"line":114,"column":33}},"loc":{"start":{"line":114,"column":41},"end":{"line":151,"column":1}},"line":114}},"branchMap":{"0":{"loc":{"start":{"line":89,"column":56},"end":{"line":89,"column":132}},"type":"cond-expr","locations":[{"start":{"line":89,"column":77},"end":{"line":89,"column":111}},{"start":{"line":89,"column":114},"end":{"line":89,"column":132}}],"line":89},"1":{"loc":
[...]
"column":27}},"37":{"start":{"line":73,"column":1},"end":{"line":73,"column":28}},"38":{"start":{"line":74,"column":1},"end":{"line":74,"column":53}},"39":{"start":{"line":75,"column":1},"end":{"line":75,"column":30}},"40":{"start":{"line":77,"column":1},"end":{"line":81,"column":2}},"41":{"start":{"line":78,"column":2},"end":{"line":78,"column":48}},"42":{"start":{"line":80,"column":2},"end":{"line":80,"column":26}},"43":{"start":{"line":84,"column":0},"end":{"line":98,"column":2}},"44":{"start":{"line":85,"column":33},"end":{"line":85,"column":64}},"45":{"start":{"line":86,"column":15},"end":{"line":86,"column":35}},"46":{"start":{"line":88,"column":1},"end":{"line":90,"column":2}},"47":{"start":{"line":89,"column":2},"end":{"line":89,"column":69}},"48":{"start":{"line":92,"column":1},"end":{"line":92,"column":57}},"49":{"start":{"line":93,"column":1},"end":{"line":93,"column":56}},"50":{"start":{"line":94,"column":1},"end":{"line":94,"column":64}},"51":{"start":{"line":95,"column":1},"end":{"line":95,"column":68}},"52":{"start":{"line":97,"column":1},"end":{"line":97,"column":30}},"53":{"start":{"line":100,"column":0},"end":{"line":100,"column":43}}},"fnMap":{"0":{"name":"SmlProfObjPeriodListEntry","decl":{"start":{"line":11,"column":9},"end":{"line":11,"column":34}},"loc":{"start":{"line":11,"column":36},"end":{"line":16,"column":1}},"line":11},"1":{"name":"getValTime","decl":{"start":{"line":18,"column":58},"end":{"line":18,"column":68}},"loc":{"start":{"line":18,"column":70},"end":{"line":20,"column":1}},"line":18},"2":{"name":"getValTime","decl":{"start":{"line":22,"column":58},"end":{"line":22,"column":68}},"loc":{"start":{"line":22,"column":75},"end":{"line":24,"column":1}},"line":22},"3":{"name":"getStatus","decl":{"start":{"line":26,"column":57},"end":{"line":26,"column":66}},"loc":{"start":{"line":26,"column":68},"end":{"line":28,"column":1}},"line":26},"4":{"name":"setStatus","decl":{"start":{"line":30,"column":57},"end":{"line":30,"column":66}},"loc":{"start":{"line":30,"column":73},"end":{"line":32,"column":1}},"line":30},"5":{"name":"getValueList","decl":{"start":{"line":34,"column":60},"end":{"line":34,"column":72}},"loc":{"start":{"line":34,"column":74},"end":{"line":36,"column":1}},"line":34},"6":{"name":"setValueList","decl":{"start":{"line":38,"column":60},"end":{"line":38,"column":72}},"loc":{"start":{"line":38,"column":79},"end":{"line":40,"column":1}},"line":38},"7":{"name":"getPeriodSignature","decl":{"start":{"line":42,"column":66},"end":{"line":42,"column":84}},"loc":{"start":{"line":42,"column":86},"end":{"line":44,"column":1}},"line":42},"8":{"name":"setPeriodSignature","decl":{"start":{"line":46,"column":66},"end":{"line":46,"column":84}},"loc":{"start":{"line":46,"column":91},"end":{"line":48,"column":1}},"line":46},"9":{"name":"toString","decl":{"start":{"line":50,"column":56},"end":{"line":50,"column":64}},"loc":{"start":{"line":50,"column":66},"end":{"line":55,"column":1}},"line":50},"10":{"name":"getSize","decl":{"start":{"line":57,"column":55},"end":{"line":57,"column":62}},"loc":{"start":{"line":57,"column":64},"end":{"line":68,"column":1}},"line":57},"11":{"name":"write","decl":{"start":{"line":71,"column":53},"end":{"line":71,"column":58}},"loc":{"start":{"line":71,"column":66},"end":{"line":82,"column":1}},"line":71},"12":{"name":"parse","decl":{"start":{"line":84,"column":43},"end":{"line":84,"column":48}},"loc":{"start":{"line":84,"column":56},"end":{"line":98,"column":1}},"line":84}},"branchMap":{"0":{"loc":{"start":{"line":63,"column":1},"end":{"line":65,"column":2}},"type":"if","locations":[{"start":{"line":63,"column":1},"end":{"line":65,"column":2}},{"start":{"line":63,"column":1},"end":{"line":65,"column":2}}],"line":63},"1":{"loc":{"start":{"line":77,"column":1},"end":{"line":81,"column":2}},"type":"if","locations":[{"start":{"line":77,"column":1},"end":{"line":81,"column":2}},{"start":{"line":77,"column":1},"end":{"line":81,"column":2}}],"line":77},"2":{"loc":{"start":{"line":88,"column":1},"end":{"line":90,"column":2}},"type":"if","locations":[{"start":{"line":88,"column":1},"end":{"line":90,"column":2}},{"start":{"line":88,"column":1},"end":{"line":90,"column":2}}],"line":88},"3":{"loc":{"start":{"line":88,"column":4},"end":{"line":88,"column":50}},"type":"binary-expr","locations":[{"start":{"line":88,"column":4},"end":{"line":88,"column":24}},{"start":{"line":88,"column":28},"end":{"line":88,"column":50}}],"line":88}},"s":{"0":1,"1":1,"2":1,"3":0,"4":0,"5":0,"6":0,"7":1,"8":0,"9":1,"10":0,"11":1,"12":0,"13":1,"14":0,"15":1,"16":0,"17":1,"18":0,"19":1,"20":0,"21":1,"22":0,"23":1,"24":0,"25":0,"26":0,"27":0,"28":1,"29":0,"30":0,"31":0,"32":0,"33":0,"34":0,"35":1,"36":0,"37":0,"38":0,"39":0,"40":0,"41":0,"42":0,"43":1,"44":0,"45":0,"46":0,"47":0,"48":0,"49":0,"50":0,"51":0,"52":0,"53":1},"f":{"0":0,"1":0,"2":0,"3":0,"4":0,"5":0,"6":0,"7":0,"8":0,"9":0,"10":0,"11":0,"12":0},"b":{"0":[0,0],"1":[0,0],"2":[0,0],"3":[0,0]},"_coverageSchema":"1a1c01bbd47fc00a2c39e90264f33305004495a9","hash":"a93ab5ba29cae46ff6bc2eacf9c29ccbf34765fa","contentHash":"b375c4d44796d8f2b4dfc404ef92ad876cbd0997e6d94bab6a0304c7eccfca8d"},"/home/runner/work/OpenSML/OpenSML/lib/messages/data_structures/SmlValueList.js":{"path":"/home/runner/work/OpenSML/OpenSML/lib/messages/data_structures/SmlValueList.js","statementMap":{"0":{"start":{"line":7,"column":24},"end":{"line":7,"column":54}},"1":{"start":{"line":8,"column":16},"end":{"line":8,"column":42}},"2":{"start":{"line":11,"column":1},"end":{"line":11,"column":23}},"3":{"start":{"line":14,"column":0},"end":{"line":20,"column":2}},"4":{"start":{"line":15,"column":12},"end":{"line":15,"column":13}},"5":{"start":{"line":16,"column":1},"end":{"line":18,"column":2}},"6":{"start":{"line":17,"column":2},"end":{"line":17,"column":48}},"7":{"start":{"line":19,"column":1},"end":{"line":19,"column":13}},"8":{"start":{"line":22,"column":0},"end":{"line":27,"column":2}},"9":{"start":{"line":23,"column":1},"end":{"line":23,"column":51}},"10":{"start":{"line":24,"column":1},"end":{"line":26,"column":2}},"11":{"start":{"line":25,"column":2},"end":{"line":25,"column":45}},"12":{"start":{"line":29,"column":0},"end":{"line":31,"column":2}},"13":{"start":{"line":30,"column":1},"end":{"line":30,"column":49}},"14":{"start":{"line":33,"column":0},"end":{"line":35,"column":2}},"15":{"start":{"line":34,"column":1},"end":{"line":34,"column":25}},"16":{"start":{"line":37,"column":0},"end":{"line":39,"column":2}},"17":{"start":{"line":38,"column":1},"end":{"line":38,"column":29}},"18":{"start":{"line":41,"column":0},"end":{"line":43,"column":2}},"19":{"start":{"line":42,"column":1},"end":{"line":42,"column":32}},"20":{"start":{"line":45,"column":0},"end":{"line":53,"column":2}},"21":{"start":{"line":46,"column":11},"end":{"line":46,"column":16}},"22":{"start":{"line":47,"column":1},"end":{"line":49,"column":2}},"23":{"start":{"line":48,"column":2},"end":{"line":48,"column":55}},"24":{"start":{"line":51,"column":1},"end":{"line":51,"column":10}},"25":{"start":{"line":52,"column":1},"end":{"line":52,"column":12}},"26":{"start":{"line":55,"column":0},"end":{"line":70,"column":2}},"27":{"start":{"line":57,"column":20},"end":{"line":57,"column":38}},"28":{"start":{"line":58,"column":15},"end":{"line":58,"column":35}},"29":{"start":{"line":60,"column":1},"end":{"line":62,"column":2}},"30":{"start":{"line":61,"column":2},"end":{"line":61,"column":56}},"31":{"start":{"line":64,"column":1},"end":{"line":66,"column":2}},"32":{"start":{"line":64,"column":11},"end":{"line":64,"column":12}},"33":{"start":{"line":65,"column":2},"end":{"line":65,"column":61}},"34":{"start":{"line":68,"column":1},"end":{"line":68,"column":21}},"35":{"start":{"line":72,"column":0},"end":{"line":72,"column":30}}},"fnMap":{"0":{"name":"SmlValueList","decl":{"start":{"line":10,"column":9},"end":{"line":10,"column":21}},"loc":{"start":{"line":10,"column":23},"end":{"line":12,"column":1}},"line":10},"1":{"name":"getSize","decl":{"start":{"line":14,"column":42},"end":{"line":14,"column":49}},"loc":{"start":{"line":14,"column":51},"end":{"line":20,"column":1}},"line":14},"2":{"name":"write","decl":{"start":{"line":22,"column":40},"end":{"line":22,"column":45}},"loc":{"start":{"line":22,"column":53},"end":{"line":27,"column":1}},"line":22},"3":{"name":"addListEntry","decl":{"start":{"line":29,"column":47},"end":{"line":29,"column":59}},"loc":{"start":{"line":29,"column":66},"end":{"line":31,"column":1}},"line":29},"4":{"name":"getListEntries","decl":{"start":{"line":33,"column":49},"end":{"line":33,"column":63}},"loc":{"start":{"line":33,"column":65},"end":{"line":35,"column":1}},"line":33},"5":{"name":"getListEntryAt","decl":{"start":{"line":37,"column":49},"end":{"line":37,"column":63}},"loc":{"start":{"line":37,"column":67},"end":{"line":39,"column":1}},"line":37},"6":{"name":"getLength","decl":{"start":{"line":41,"column":44},"end":{"line":41,"column":53}},"loc":{"start":{"line":41,"column":55},"end":{"line":43,"column":1}},"line":41},"7":{"name":"toString","decl":{"start":{"line":45,"column":43},"end":{"line":45,"column":51}},"loc":{"start":{"line":45,"column":53},"end":{"line":53,"column":1}},"line":45},"8":{"name":"parse","decl":{"start":{"line":55,"column":30},"end":{"line":55,"column":35}},"loc":{"start":{"line":55,"column":43},"end":{"line":70,"column":1}},"line":55}},"branchMap":{"0":{"loc":{"start":{"line":60,"column":1},"end":{"line":62,"column":2}},"type":"if","locations":[{"start":{"line":60,"column":1},"end":{"line":62,"column":2}},{"start":{"line":60,"column":1},"end":{"line":62,"column":2}}],"line":60}},"s":{"0":1,"1":1,"2":0,"3":1,"4":0,"5":0,"6":0,"7":0,"8":1,"9":0,"10":0,"11":0,"12":1,"13":0,"14":1,"15":0,"16":1,"17":0,"18":1,"19":0,"20":1,"21":0,"22":0,"23":0,"24":0,"25":0,"26":1,"27":0,"28":0,"29":0,"30":0,"31":0,"32":0,"33":0,"34":0,"35":1},"f":{"0":0,"1":0,"2":0,"3":0,"4":0,"5":0,"6":0,"7":0,"8":0},"b":{"0":[0,0]},"_coverageSchema":"1a1c01bbd47fc00a2c39e90264f33305004495a9","hash":"97c9881bbf18ee169e73650aca8c46e2fb3d67f2","contentHash":"20e036fadcaf700aeaad5fcc0f024994d6c9f4263d45a22cbac29def05c468c8"},"/home/runner/work/OpenSML/OpenSML/lib/messages/data_structures/SmlValueListEntry.js":{"path":"/home/runner/work/OpenSML/OpenSML/lib/messages/data_structures/SmlValueListEntry.js","statementMap":{"0":{"start":{"line":6,"column":16},"end":{"line":6,"column":42}},"1":{"start":{"line":9,"column":1},"end":{"line":9,"column":24}},"2":{"start":{"line":10,"column":1},"end":{"line":10,"column":28}},"3":{"start":{"line":11,"column":1},"end":{"line":11,"column":33}},"4":{"start":{"line":14,"column":0},"end":{"line":16,"column":2}},"5":{"start":{"line":15,"column":1},"end":{"line":15,"column":19}},"6":{"start":{"line":18,"column":0},"end":{"line":20,"column":2}},"7":{"start":{"line":19,"column":1},"end":{"line":19,"column":20}},"8":{"start":{"line":22,"column":0},"end":{"line":24,"column":2}},"9":{"start":{"line":23,"column":1},"end":{"line":23,"column":23}},"10":{"start":{"line":26,"column":0},"end":{"line":28,"column":2}},"11":{"start":{"line":27,"column":1},"end":{"line":27,"column":20}},"12":{"start":{"line":30,"column":0},"end":{"line":32,"column":2}},"13":{"start":{"line":31,"column":1},"end":{"line":31,"column":28}},"14":{"start":{"line":34,"column":0},"end":{"line":36,"column":2}},"15":{"start":{"line":35,"column":1},"end":{"line":35,"column":29}},"16":{"start":{"line":38,"column":0},"end":{"line":57,"column":2}},"17":{"start":{"line":39,"column":12},"end":{"line":39,"column":13}},"18":{"start":{"line":41,"column":1},"end":{"line":51,"column":5}},"19":{"start":{"line":42,"column":2},"end":{"line":42,"column":12}},"20":{"start":{"line":43,"column":8},"end":{"line":51,"column":5}},"21":{"start":{"line":44,"column":2},"end":{"line":44,"column":12}},"22":{"start":{"line":45,"column":8},"end":{"line":51,"column":5}},"23":{"start":{"line":46,"column":2},"end":{"line":46,"column":12}},"24":{"start":{"line":47,"column":8},"end":{"line":51,"column":5}},"25":{"start":{"line":48,"column":2},"end":{"line":48,"column":12}},"26":{"start":{"line":49,"column":8},"end":{"line":51,"column":5}},"27":{"start":{"line":50,"column":8},"end":{"line":50,"column":33}},"28":{"start":{"line":53,"column":1},"end":{"line":55,"column":2}},"29":{"start":{"line":54,"column":2},"end":{"line":54,"column":37}},"30":{"start":{"line":56,"column":1},"end":{"line":56,"column":13}},"31":{"start":{"line":59,"column":0},"end":{"line":68,"column":2}},"32":{"start":{"line":60,"column":1},"end":{"line":60,"column":27}},"33":{"start":{"line":61,"column":1},"end":{"line":61,"column":50}},"34":{"start":{"line":63,"column":1},"end":{"line":67,"column":2}},"35":{"start":{"line":64,"column":2},"end":{"line":64,"column":47}},"36":{"start":{"line":66,"column":2},"end":{"line":66,"column":26}},"37":{"start":{"line":70,"column":0},"end":{"line":75,"column":2}},"38":{"start":{"line":71,"column":11},"end":{"line":71,"column":13}},"39":{"start":{"line":72,"column":1},"end":{"line":72,"column":38}},"40":{"start":{"line":73,"column":1},"end":{"line":73,"column":53}},"41":{"start":{"line":74,"column":1},"end":{"line":74,"column":12}},"42":{"start":{"line":77,"column":0},"end":{"line":90,"column":2}},"43":{"start":{"line":78,"column":25},"end":{"line":78,"column":48}},"44":{"start":{"line":79,"column":15},"end":{"line":79,"column":35}},"45":{"start":{"line":81,"column":1},"end":{"line":83,"column":2}},"46":{"start":{"line":82,"column":2},"end":{"line":82,"column":61}},"47":{"start":{"line":85,"column":1},"end":{"line":85,"column":47}},"48":{"start":{"line":86,"column":1},"end":{"line":86,"column":59}},"49":{"start":{"line":87,"column":4},"end":{"line":87,"column":57}},"50":{"start":{"line":89,"column":1},"end":{"line":89,"column":22}},"51":{"start":{"line":92,"column":0},"end":{"line":92,"column":35}}},"fnMap":{"0":{"name":"SmlValueListEntry","decl":{"start":{"line":8,"column":9},"end":{"line":8,"column":26}},"loc":{"start":{"line":8,"column":28},"end":{"line":12,"column":1}},"line":8},"1":{"name":"getValue","decl":{"start":{"line":14,"column":48},"end":{"line":14,"column":56}},"loc":{"start":{"line":14,"column":58},"end":{"line":16,"column":1}},"line":14},"2":{"name":"setValue","decl":{"start":{"line":18,"column":48},"end":{"line":18,"column":56}},"loc":{"start":{"line":18,"column":63},"end":{"line":20,"column":1}},"line":18},"3":{"name":"getValueType","decl":{"start":{"line":22,"column":52},"end":{"line":22,"column":64}},"loc":{"start":{"line":22,"column":66},"end":{"line":24,"column":1}},"line":22},"4":{"name":"setValueType","decl":{"start":{"line":26,"column":52},"end":{"line":26,"column":64}},"loc":{"start":{"line":26,"column":71},"end":{"line":28,"column":1}},"line":26},"5":{"name":"getValueSignature","decl":{"start":{"line":30,"column":57},"end":{"line":30,"column":74}},"loc":{"start":{"line":30,"column":76},"end":{"line":32,"column":1}},"line":30},"6":{"name":"setValueSignature","decl":{"start":{"line":34,"column":57},"end":{"line":34,"column":74}},"loc":{"start":{"line":34,"column":81},"end":{"line":36,"column":1}},"line":34},"7":{"name":"getSize","decl":{"start":{"line":38,"column":47},"end":{"line":38,"column":54}},"loc":{"start":{"line":38,"column":56},"end":{"line":57,"column":1}},"line":38},"8":{"name":"write","decl":{"start":{"line":59,"column":45},"end":{"line":59,"column":50}},"loc":{"start":{"line":59,"column":58},"end":{"line":68,"column":1}},"line":59},"9":{"name":"toString","decl":{"start":{"line":70,"column":48},"end":{"line":70,"column":56}},"loc":{"start":{"line":70,"column":58},"end":{"line":75,"column":1}},"line":70},"10":{"name":"parse","decl":{"start":{"line":77,"column":35},"end":{"line":77,"column":40}},"loc":{"start":{"line":77,"column":48},"end":{"line":90,"column":1}},"line":77}},"branchMap":{"0":{"loc":{"start":{"line":41,"column":1},"end":{"line":51,"column":5}},"type":"if","locations":[{"start":{"line":41,"column":1},"end":{"line":51,"column":5}},{"start":{"line":41,"column":1},"end":{"line":51,"column":5}}],"line":41},"1":{"loc":{"start":{"line":41,"column":4},"end":{"line":41,"column":106}},"type":"binary-expr","locations":[{"start":{"line":41,"column":4},"end":{"line":41,"column":37}},{"start":{"line":41,"column":41},"end":{"line":41,"column":72}},{"start":{"line":41,"column":76},"end":{"line":41,"column":106}}],"line":41},"2":{"loc":{"start":{"line":43,"column":8},"end":{"line":51,"column":5}},"type":"if","locations":[{"start":{"line":43,"column":8},"end":{"line":51,"column":5}},{"start":{"line":43,"column":8},"end":{"line":51,"column":5}}],"line":43},"3":{"loc":{"start":{"line":43,"column":11},"end":{"line":43,"column":78}},"type":"binary-expr","locations":[{"start":{"line":43,"column":11},"end":{"line":43,"column":43}},{"start":{"line":43,"column":47},"end":{"line":43,"column":78}}],"line":43},"4":{"loc":{"start":{"line":45,"column":8},"end":{"line":51,"column":5}},"type":"if","locations":[{"start":{"line":45,"column":8},"end":{"line":51,"column":5}},{"start":{"line":45,"column":8},"end":{"line":51,"column":5}}],"line":45},"5":{"loc":{"start":{"line":45,"column":11},"end":{"line":45,"column":78}},"type":"binary-expr","locations":[{"start":{"line":45,"column":11},"end":{"line":45,"column":43}},{"start":{"line":45,"column":47},"end":{"line":45,"column":78}}],"line":45},"6":{"loc":{"start":{"line":47,"column":8},"end":{"line":51,"column":5}},"type":"if","locations":[{"start":{"line":47,"column":8},"end":{"line":51,"column":5}},{"start":{"line":47,"column":8},"end":{"line":51,"column":5}}],"line":47},"7":{"loc":{"start":{"line":47,"column":11},"end":{"line":47,"column":78}},"type":"binary-expr","locations":[{"start":{"line":47,"column":11},"end":{"line":47,"column":43}},{"start":{"line":47,"column":47},"end":{"line":47,"column":78}}],"line":47},"8":{"loc":{"start":{"line":49,"column":8},"end":{"line":51,"column":5}},"type":"if","locations":[{"start":{"line":49,"column":8},"end":{"line":51,"column":5}},{"start":{"line":49,"column":8},"end":{"line":51,"column":5}}],"line":49},"9":{"loc":{"start":{"line":49,"column":12},"end":{"line":49,"column":43}},"type":"binary-expr","locations":[{"start":{"line":49,"column":12},"end":{"line":49,"column":22}},{"start":{"line":49,"column":26},"end":{"line":49,"column":43}}],"line":49},"10":{"loc":{"start":{"line":53,"column":1},"end":{"line":55,"column":2}},"type":"if","locations":[{"start":{"line":53,"column":1},"end":{"line":55,"column":2}},{"start":{"line":53,"column":1},"end":{"line":55,"column":2}}],"line":53},"11":{"loc":{"start":{"line":63,"column":1},"end":{"line":67,"column":2}},"type":"if","locations":[{"start":{"line":63,"column":1},"end":{"line":67,"column":2}},{"start":{"line":63,"column":1},"end":{"line":67,"column":2}}],"line":63},"12":{"loc":{"start":{"line":81,"column":1},"end":{"line":83,"column":2}},"type":"if","locations":[{"start":{"line":81,"column":1},"end":{"line":83,"column":2}},{"start":{"line":81,"column":1},"end":{"line":83,"column":2}}],"line":81},"13":{"loc":{"start":{"line":81,"column":4},"end":{"line":81,"column":50}},"type":"binary-expr","locations":[{"start":{"line":81,"column":4},"end":{"line":81,"column":24}},{"start":{"line":81,"column":28},"end":{"line":81,"column":50}}],"line":81}},"s":{"0":1,"1":0,"2":0,"3":0,"4":1,"5":0,"6":1,"7":0,"8":1,"9":0,"10":1,"11":0,"12":1,"13":0,"14":1,"15":0,"16":1,"17":0,"18":0,"19":0,"20":0,"21":0,"22":0,"23":0,"24":0,"25":0,"26":0,"27":0,"28":0,"29":0,"30":0,"31":1,"32":0,"33":0,"34":0,"35":0,"36":0,"37":1,"38":0,"39":0,"40":0,"41":0,"42":1,"43":0,"44":0,"45":0,"46":0,"47":0,"48":0,"49":0,"50":0,"51":1},"f":{"0":0,"1":0,"2":0,"3":0,"4":0,"5":0,"6":0,"7":0,"8":0,"9":0,"10":0},"b":{"0":[0,0],"1":[0,0,0],"2":[0,0],"3":[0,0],"4":[0,0],"5":[0,0],"6":[0,0],"7":[0,0],"8":[0,0],"9":[0,0],"10":[0,0],"11":[0,0],"12":[0,0],"13":[0,0]},"_coverageSchema":"1a1c01bbd47fc00a2c39e90264f33305004495a9","hash":"0cd1a16b901d078cad5a3f7326ee69ec373108b0","contentHash":"9431d7c064ae35f522e35e5b549321d495178703f98fd770c245bd8bb7413cc8"}}